<?xml version="1.0" encoding="UTF-8"?>
<coverage generated="1521475363459" clover="3.2.0">
  <project timestamp="1521475363459" name="All files">
    <metrics statements="410" coveredstatements="0" conditionals="246" coveredconditionals="0" methods="78" coveredmethods="0" elements="734" coveredelements="0" complexity="0" loc="410" ncloc="410" packages="3" files="8" classes="8">
      <package name="assets">
        <metrics statements="217" coveredstatements="0" conditionals="147" coveredconditionals="0" methods="20" coveredmethods="0"/>
        <file name="ccc-streamer-utilities.js" path="/home/ali/code/potato-wallet/src/assets/ccc-streamer-utilities.js">
          <metrics statements="217" coveredstatements="0" conditionals="147" coveredconditionals="0" methods="20" coveredmethods="0"/>
          <line num="2" count="0" type="cond" truecount="0" falsecount="2"/>
          <line num="3" count="0" type="stmt"/>
          <line num="4" count="0" type="cond" truecount="0" falsecount="2"/>
          <line num="6" count="0" type="stmt"/>
          <line num="27" count="0" type="cond" truecount="0" falsecount="2"/>
          <line num="29" count="0" type="stmt"/>
          <line num="46" count="0" type="stmt"/>
          <line num="47" count="0" type="cond" truecount="0" falsecount="2"/>
          <line num="50" count="0" type="stmt"/>
          <line num="56" count="0" type="cond" truecount="0" falsecount="4"/>
          <line num="57" count="0" type="stmt"/>
          <line num="58" count="0" type="stmt"/>
          <line num="61" count="0" type="stmt"/>
          <line num="64" count="0" type="cond" truecount="0" falsecount="2"/>
          <line num="65" count="0" type="stmt"/>
          <line num="67" count="0" type="stmt"/>
          <line num="70" count="0" type="stmt"/>
          <line num="71" count="0" type="cond" truecount="0" falsecount="2"/>
          <line num="73" count="0" type="cond" truecount="0" falsecount="2"/>
          <line num="74" count="0" type="stmt"/>
          <line num="75" count="0" type="stmt"/>
          <line num="77" count="0" type="cond" truecount="0" falsecount="2"/>
          <line num="78" count="0" type="stmt"/>
          <line num="79" count="0" type="stmt"/>
          <line num="80" count="0" type="stmt"/>
          <line num="82" count="0" type="stmt"/>
          <line num="83" count="0" type="stmt"/>
          <line num="84" count="0" type="stmt"/>
          <line num="87" count="0" type="stmt"/>
          <line num="88" count="0" type="cond" truecount="0" falsecount="2"/>
          <line num="89" count="0" type="stmt"/>
          <line num="90" count="0" type="stmt"/>
          <line num="92" count="0" type="cond" truecount="0" falsecount="2"/>
          <line num="93" count="0" type="stmt"/>
          <line num="95" count="0" type="cond" truecount="0" falsecount="2"/>
          <line num="96" count="0" type="stmt"/>
          <line num="98" count="0" type="cond" truecount="0" falsecount="2"/>
          <line num="99" count="0" type="stmt"/>
          <line num="101" count="0" type="stmt"/>
          <line num="104" count="0" type="stmt"/>
          <line num="105" count="0" type="stmt"/>
          <line num="108" count="0" type="stmt"/>
          <line num="109" count="0" type="stmt"/>
          <line num="110" count="0" type="stmt"/>
          <line num="111" count="0" type="stmt"/>
          <line num="114" count="0" type="stmt"/>
          <line num="115" count="0" type="stmt"/>
          <line num="116" count="0" type="stmt"/>
          <line num="119" count="0" type="stmt"/>
          <line num="120" count="0" type="stmt"/>
          <line num="121" count="0" type="stmt"/>
          <line num="122" count="0" type="stmt"/>
          <line num="123" count="0" type="stmt"/>
          <line num="124" count="0" type="stmt"/>
          <line num="125" count="0" type="stmt"/>
          <line num="126" count="0" type="cond" truecount="0" falsecount="2"/>
          <line num="127" count="0" type="stmt"/>
          <line num="128" count="0" type="stmt"/>
          <line num="129" count="0" type="stmt"/>
          <line num="131" count="0" type="cond" truecount="0" falsecount="2"/>
          <line num="132" count="0" type="stmt"/>
          <line num="133" count="0" type="stmt"/>
          <line num="134" count="0" type="stmt"/>
          <line num="135" count="0" type="cond" truecount="0" falsecount="4"/>
          <line num="136" count="0" type="cond" truecount="0" falsecount="4"/>
          <line num="137" count="0" type="cond" truecount="0" falsecount="4"/>
          <line num="138" count="0" type="cond" truecount="0" falsecount="4"/>
          <line num="140" count="0" type="cond" truecount="0" falsecount="2"/>
          <line num="141" count="0" type="cond" truecount="0" falsecount="2"/>
          <line num="142" count="0" type="cond" truecount="0" falsecount="2"/>
          <line num="144" count="0" type="cond" truecount="0" falsecount="5"/>
          <line num="145" count="0" type="stmt"/>
          <line num="147" count="0" type="cond" truecount="0" falsecount="5"/>
          <line num="148" count="0" type="stmt"/>
          <line num="150" count="0" type="cond" truecount="0" falsecount="4"/>
          <line num="151" count="0" type="stmt"/>
          <line num="154" count="0" type="cond" truecount="0" falsecount="4"/>
          <line num="155" count="0" type="cond" truecount="0" falsecount="2"/>
          <line num="156" count="0" type="stmt"/>
          <line num="157" count="0" type="stmt"/>
          <line num="159" count="0" type="cond" truecount="0" falsecount="2"/>
          <line num="160" count="0" type="stmt"/>
          <line num="161" count="0" type="stmt"/>
          <line num="163" count="0" type="cond" truecount="0" falsecount="2"/>
          <line num="164" count="0" type="stmt"/>
          <line num="165" count="0" type="stmt"/>
          <line num="167" count="0" type="cond" truecount="0" falsecount="4"/>
          <line num="168" count="0" type="stmt"/>
          <line num="170" count="0" type="cond" truecount="0" falsecount="2"/>
          <line num="171" count="0" type="stmt"/>
          <line num="173" count="0" type="stmt"/>
          <line num="175" count="0" type="cond" truecount="0" falsecount="2"/>
          <line num="176" count="0" type="stmt"/>
          <line num="179" count="0" type="stmt"/>
          <line num="184" count="0" type="cond" truecount="0" falsecount="2"/>
          <line num="189" count="0" type="stmt"/>
          <line num="195" count="0" type="stmt"/>
          <line num="209" count="0" type="cond" truecount="0" falsecount="2"/>
          <line num="210" count="0" type="stmt"/>
          <line num="224" count="0" type="stmt"/>
          <line num="225" count="0" type="stmt"/>
          <line num="226" count="0" type="stmt"/>
          <line num="227" count="0" type="stmt"/>
          <line num="228" count="0" type="stmt"/>
          <line num="229" count="0" type="stmt"/>
          <line num="231" count="0" type="stmt"/>
          <line num="234" count="0" type="stmt"/>
          <line num="235" count="0" type="stmt"/>
          <line num="236" count="0" type="stmt"/>
          <line num="237" count="0" type="stmt"/>
          <line num="238" count="0" type="stmt"/>
          <line num="239" count="0" type="stmt"/>
          <line num="240" count="0" type="stmt"/>
          <line num="241" count="0" type="stmt"/>
          <line num="242" count="0" type="cond" truecount="0" falsecount="2"/>
          <line num="243" count="0" type="stmt"/>
          <line num="244" count="0" type="stmt"/>
          <line num="245" count="0" type="cond" truecount="0" falsecount="2"/>
          <line num="246" count="0" type="stmt"/>
          <line num="247" count="0" type="stmt"/>
          <line num="251" count="0" type="stmt"/>
          <line num="254" count="0" type="stmt"/>
          <line num="255" count="0" type="stmt"/>
          <line num="258" count="0" type="cond" truecount="0" falsecount="2"/>
          <line num="263" count="0" type="stmt"/>
          <line num="278" count="0" type="stmt"/>
          <line num="305" count="0" type="cond" truecount="0" falsecount="2"/>
          <line num="306" count="0" type="stmt"/>
          <line num="333" count="0" type="stmt"/>
          <line num="334" count="0" type="stmt"/>
          <line num="335" count="0" type="stmt"/>
          <line num="336" count="0" type="stmt"/>
          <line num="337" count="0" type="cond" truecount="0" falsecount="2"/>
          <line num="338" count="0" type="stmt"/>
          <line num="339" count="0" type="stmt"/>
          <line num="343" count="0" type="stmt"/>
          <line num="346" count="0" type="stmt"/>
          <line num="347" count="0" type="stmt"/>
          <line num="348" count="0" type="stmt"/>
          <line num="349" count="0" type="stmt"/>
          <line num="350" count="0" type="stmt"/>
          <line num="351" count="0" type="stmt"/>
          <line num="352" count="0" type="stmt"/>
          <line num="353" count="0" type="stmt"/>
          <line num="354" count="0" type="cond" truecount="0" falsecount="2"/>
          <line num="355" count="0" type="stmt"/>
          <line num="356" count="0" type="stmt"/>
          <line num="357" count="0" type="cond" truecount="0" falsecount="2"/>
          <line num="360" count="0" type="cond" truecount="0" falsecount="2"/>
          <line num="361" count="0" type="stmt"/>
          <line num="363" count="0" type="stmt"/>
          <line num="365" count="0" type="stmt"/>
          <line num="369" count="0" type="stmt"/>
          <line num="371" count="0" type="stmt"/>
          <line num="372" count="0" type="stmt"/>
          <line num="374" count="0" type="stmt"/>
          <line num="375" count="0" type="stmt"/>
          <line num="376" count="0" type="stmt"/>
          <line num="379" count="0" type="stmt"/>
          <line num="380" count="0" type="stmt"/>
          <line num="381" count="0" type="cond" truecount="0" falsecount="2"/>
          <line num="383" count="0" type="cond" truecount="0" falsecount="2"/>
          <line num="384" count="0" type="stmt"/>
          <line num="385" count="0" type="stmt"/>
          <line num="387" count="0" type="cond" truecount="0" falsecount="2"/>
          <line num="388" count="0" type="stmt"/>
          <line num="389" count="0" type="stmt"/>
          <line num="390" count="0" type="stmt"/>
          <line num="392" count="0" type="stmt"/>
          <line num="393" count="0" type="stmt"/>
          <line num="394" count="0" type="stmt"/>
          <line num="397" count="0" type="stmt"/>
          <line num="398" count="0" type="stmt"/>
          <line num="399" count="0" type="stmt"/>
          <line num="400" count="0" type="stmt"/>
          <line num="401" count="0" type="stmt"/>
          <line num="402" count="0" type="stmt"/>
          <line num="405" count="0" type="stmt"/>
          <line num="406" count="0" type="stmt"/>
          <line num="407" count="0" type="stmt"/>
          <line num="408" count="0" type="stmt"/>
          <line num="409" count="0" type="stmt"/>
          <line num="410" count="0" type="stmt"/>
          <line num="411" count="0" type="stmt"/>
          <line num="412" count="0" type="stmt"/>
          <line num="413" count="0" type="cond" truecount="0" falsecount="2"/>
          <line num="414" count="0" type="stmt"/>
          <line num="415" count="0" type="stmt"/>
          <line num="416" count="0" type="stmt"/>
          <line num="418" count="0" type="cond" truecount="0" falsecount="2"/>
          <line num="419" count="0" type="stmt"/>
          <line num="421" count="0" type="cond" truecount="0" falsecount="2"/>
          <line num="422" count="0" type="stmt"/>
          <line num="425" count="0" type="cond" truecount="0" falsecount="2"/>
          <line num="426" count="0" type="stmt"/>
          <line num="429" count="0" type="cond" truecount="0" falsecount="5"/>
          <line num="430" count="0" type="stmt"/>
          <line num="432" count="0" type="cond" truecount="0" falsecount="5"/>
          <line num="433" count="0" type="stmt"/>
          <line num="435" count="0" type="cond" truecount="0" falsecount="5"/>
          <line num="436" count="0" type="stmt"/>
          <line num="439" count="0" type="cond" truecount="0" falsecount="2"/>
          <line num="440" count="0" type="cond" truecount="0" falsecount="2"/>
          <line num="441" count="0" type="stmt"/>
          <line num="442" count="0" type="stmt"/>
          <line num="444" count="0" type="cond" truecount="0" falsecount="2"/>
          <line num="445" count="0" type="stmt"/>
          <line num="446" count="0" type="stmt"/>
          <line num="448" count="0" type="cond" truecount="0" falsecount="2"/>
          <line num="449" count="0" type="stmt"/>
          <line num="450" count="0" type="stmt"/>
          <line num="452" count="0" type="cond" truecount="0" falsecount="2"/>
          <line num="453" count="0" type="stmt"/>
          <line num="455" count="0" type="stmt"/>
          <line num="457" count="0" type="cond" truecount="0" falsecount="2"/>
          <line num="458" count="0" type="stmt"/>
          <line num="461" count="0" type="stmt"/>
        </file>
      </package>
      <package name="components">
        <metrics statements="44" coveredstatements="0" conditionals="29" coveredconditionals="0" methods="9" coveredmethods="0"/>
        <file name="Home.vue" path="/home/ali/code/potato-wallet/src/components/Home.vue">
          <metrics statements="44" coveredstatements="0" conditionals="29" coveredconditionals="0" methods="9" coveredmethods="0"/>
          <line num="35" count="0" type="stmt"/>
          <line num="36" count="0" type="stmt"/>
          <line num="37" count="0" type="stmt"/>
          <line num="38" count="0" type="stmt"/>
          <line num="39" count="0" type="stmt"/>
          <line num="40" count="0" type="stmt"/>
          <line num="52" count="0" type="stmt"/>
          <line num="88" count="0" type="stmt"/>
          <line num="92" count="0" type="stmt"/>
          <line num="93" count="0" type="stmt"/>
          <line num="97" count="0" type="stmt"/>
          <line num="99" count="0" type="stmt"/>
          <line num="100" count="0" type="stmt"/>
          <line num="105" count="0" type="stmt"/>
          <line num="106" count="0" type="stmt"/>
          <line num="107" count="0" type="stmt"/>
          <line num="108" count="0" type="stmt"/>
          <line num="110" count="0" type="cond" truecount="0" falsecount="2"/>
          <line num="112" count="0" type="stmt"/>
          <line num="113" count="0" type="stmt"/>
          <line num="118" count="0" type="stmt"/>
          <line num="119" count="0" type="stmt"/>
          <line num="121" count="0" type="stmt"/>
          <line num="123" count="0" type="stmt"/>
          <line num="125" count="0" type="stmt"/>
          <line num="126" count="0" type="stmt"/>
          <line num="127" count="0" type="cond" truecount="0" falsecount="11"/>
          <line num="129" count="0" type="stmt"/>
          <line num="130" count="0" type="cond" truecount="0" falsecount="4"/>
          <line num="132" count="0" type="stmt"/>
          <line num="134" count="0" type="stmt"/>
          <line num="138" count="0" type="cond" truecount="0" falsecount="2"/>
          <line num="139" count="0" type="cond" truecount="0" falsecount="2"/>
          <line num="141" count="0" type="stmt"/>
          <line num="143" count="0" type="stmt"/>
          <line num="145" count="0" type="stmt"/>
          <line num="149" count="0" type="cond" truecount="0" falsecount="2"/>
          <line num="150" count="0" type="cond" truecount="0" falsecount="2"/>
          <line num="151" count="0" type="cond" truecount="0" falsecount="2"/>
          <line num="152" count="0" type="stmt"/>
          <line num="153" count="0" type="stmt"/>
          <line num="156" count="0" type="cond" truecount="0" falsecount="2"/>
          <line num="157" count="0" type="stmt"/>
          <line num="159" count="0" type="stmt"/>
        </file>
      </package>
      <package name="components.Sub">
        <metrics statements="149" coveredstatements="0" conditionals="70" coveredconditionals="0" methods="49" coveredmethods="0"/>
        <file name="Chart.vue" path="/home/ali/code/potato-wallet/src/components/Sub/Chart.vue">
          <metrics statements="34" coveredstatements="0" conditionals="10" coveredconditionals="0" methods="15" coveredmethods="0"/>
          <line num="13" count="0" type="stmt"/>
          <line num="28" count="0" type="stmt"/>
          <line num="49" count="0" type="stmt"/>
          <line num="51" count="0" type="stmt"/>
          <line num="52" count="0" type="stmt"/>
          <line num="53" count="0" type="stmt"/>
          <line num="58" count="0" type="stmt"/>
          <line num="61" count="0" type="stmt"/>
          <line num="66" count="0" type="stmt"/>
          <line num="68" count="0" type="stmt"/>
          <line num="74" count="0" type="stmt"/>
          <line num="75" count="0" type="stmt"/>
          <line num="76" count="0" type="stmt"/>
          <line num="77" count="0" type="stmt"/>
          <line num="79" count="0" type="stmt"/>
          <line num="80" count="0" type="stmt"/>
          <line num="81" count="0" type="stmt"/>
          <line num="82" count="0" type="stmt"/>
          <line num="85" count="0" type="cond" truecount="0" falsecount="2"/>
          <line num="86" count="0" type="stmt"/>
          <line num="111" count="0" type="stmt"/>
          <line num="130" count="0" type="cond" truecount="0" falsecount="2"/>
          <line num="131" count="0" type="stmt"/>
          <line num="153" count="0" type="stmt"/>
          <line num="171" count="0" type="cond" truecount="0" falsecount="2"/>
          <line num="172" count="0" type="stmt"/>
          <line num="193" count="0" type="stmt"/>
          <line num="211" count="0" type="cond" truecount="0" falsecount="2"/>
          <line num="212" count="0" type="stmt"/>
          <line num="233" count="0" type="stmt"/>
          <line num="246" count="0" type="cond" truecount="0" falsecount="2"/>
          <line num="247" count="0" type="stmt"/>
          <line num="268" count="0" type="stmt"/>
          <line num="282" count="0" type="stmt"/>
        </file>
        <file name="Coin.vue" path="/home/ali/code/potato-wallet/src/components/Sub/Coin.vue">
          <metrics statements="60" coveredstatements="0" conditionals="48" coveredconditionals="0" methods="9" coveredmethods="0"/>
          <line num="87" count="0" type="stmt"/>
          <line num="95" count="0" type="stmt"/>
          <line num="104" count="0" type="stmt"/>
          <line num="108" count="0" type="stmt"/>
          <line num="111" count="0" type="stmt"/>
          <line num="116" count="0" type="cond" truecount="0" falsecount="2"/>
          <line num="117" count="0" type="stmt"/>
          <line num="118" count="0" type="cond" truecount="0" falsecount="2"/>
          <line num="119" count="0" type="stmt"/>
          <line num="120" count="0" type="cond" truecount="0" falsecount="2"/>
          <line num="121" count="0" type="stmt"/>
          <line num="124" count="0" type="stmt"/>
          <line num="125" count="0" type="cond" truecount="0" falsecount="2"/>
          <line num="126" count="0" type="stmt"/>
          <line num="127" count="0" type="stmt"/>
          <line num="128" count="0" type="cond" truecount="0" falsecount="2"/>
          <line num="129" count="0" type="stmt"/>
          <line num="130" count="0" type="cond" truecount="0" falsecount="2"/>
          <line num="131" count="0" type="stmt"/>
          <line num="132" count="0" type="cond" truecount="0" falsecount="2"/>
          <line num="133" count="0" type="stmt"/>
          <line num="136" count="0" type="stmt"/>
          <line num="137" count="0" type="cond" truecount="0" falsecount="2"/>
          <line num="138" count="0" type="stmt"/>
          <line num="139" count="0" type="cond" truecount="0" falsecount="2"/>
          <line num="140" count="0" type="stmt"/>
          <line num="141" count="0" type="cond" truecount="0" falsecount="2"/>
          <line num="142" count="0" type="stmt"/>
          <line num="143" count="0" type="cond" truecount="0" falsecount="2"/>
          <line num="144" count="0" type="stmt"/>
          <line num="145" count="0" type="cond" truecount="0" falsecount="2"/>
          <line num="146" count="0" type="stmt"/>
          <line num="148" count="0" type="stmt"/>
          <line num="149" count="0" type="stmt"/>
          <line num="150" count="0" type="cond" truecount="0" falsecount="4"/>
          <line num="151" count="0" type="stmt"/>
          <line num="152" count="0" type="cond" truecount="0" falsecount="2"/>
          <line num="153" count="0" type="stmt"/>
          <line num="154" count="0" type="cond" truecount="0" falsecount="2"/>
          <line num="155" count="0" type="stmt"/>
          <line num="157" count="0" type="stmt"/>
          <line num="159" count="0" type="stmt"/>
          <line num="160" count="0" type="cond" truecount="0" falsecount="2"/>
          <line num="161" count="0" type="stmt"/>
          <line num="162" count="0" type="cond" truecount="0" falsecount="2"/>
          <line num="163" count="0" type="stmt"/>
          <line num="164" count="0" type="cond" truecount="0" falsecount="2"/>
          <line num="165" count="0" type="stmt"/>
          <line num="168" count="0" type="stmt"/>
          <line num="173" count="0" type="stmt"/>
          <line num="174" count="0" type="cond" truecount="0" falsecount="2"/>
          <line num="175" count="0" type="stmt"/>
          <line num="176" count="0" type="cond" truecount="0" falsecount="2"/>
          <line num="177" count="0" type="stmt"/>
          <line num="178" count="0" type="cond" truecount="0" falsecount="2"/>
          <line num="179" count="0" type="stmt"/>
          <line num="180" count="0" type="cond" truecount="0" falsecount="2"/>
          <line num="181" count="0" type="stmt"/>
          <line num="182" count="0" type="cond" truecount="0" falsecount="2"/>
          <line num="183" count="0" type="stmt"/>
        </file>
        <file name="Navbar.vue" path="/home/ali/code/potato-wallet/src/components/Sub/Navbar.vue">
          <metrics statements="14" coveredstatements="0" conditionals="4" coveredconditionals="0" methods="6" coveredmethods="0"/>
          <line num="58" count="0" type="stmt"/>
          <line num="65" count="0" type="stmt"/>
          <line num="68" count="0" type="stmt"/>
          <line num="69" count="0" type="cond" truecount="0" falsecount="2"/>
          <line num="70" count="0" type="stmt"/>
          <line num="71" count="0" type="stmt"/>
          <line num="73" count="0" type="stmt"/>
          <line num="74" count="0" type="stmt"/>
          <line num="75" count="0" type="stmt"/>
          <line num="76" count="0" type="stmt"/>
          <line num="78" count="0" type="stmt"/>
          <line num="83" count="0" type="cond" truecount="0" falsecount="2"/>
          <line num="84" count="0" type="stmt"/>
          <line num="86" count="0" type="stmt"/>
        </file>
        <file name="News.vue" path="/home/ali/code/potato-wallet/src/components/Sub/News.vue">
          <metrics statements="24" coveredstatements="0" conditionals="6" coveredconditionals="0" methods="10" coveredmethods="0"/>
          <line num="48" count="0" type="stmt"/>
          <line num="57" count="0" type="stmt"/>
          <line num="58" count="0" type="stmt"/>
          <line num="62" count="0" type="stmt"/>
          <line num="66" count="0" type="stmt"/>
          <line num="67" count="0" type="stmt"/>
          <line num="68" count="0" type="stmt"/>
          <line num="69" count="0" type="stmt"/>
          <line num="70" count="0" type="cond" truecount="0" falsecount="2"/>
          <line num="71" count="0" type="stmt"/>
          <line num="72" count="0" type="stmt"/>
          <line num="77" count="0" type="stmt"/>
          <line num="78" count="0" type="cond" truecount="0" falsecount="2"/>
          <line num="79" count="0" type="stmt"/>
          <line num="80" count="0" type="stmt"/>
          <line num="81" count="0" type="cond" truecount="0" falsecount="2"/>
          <line num="82" count="0" type="stmt"/>
          <line num="85" count="0" type="stmt"/>
          <line num="86" count="0" type="stmt"/>
          <line num="88" count="0" type="stmt"/>
          <line num="89" count="0" type="stmt"/>
          <line num="90" count="0" type="stmt"/>
          <line num="91" count="0" type="stmt"/>
          <line num="93" count="0" type="stmt"/>
        </file>
        <file name="TopExchanges.vue" path="/home/ali/code/potato-wallet/src/components/Sub/TopExchanges.vue">
          <metrics statements="14" coveredstatements="0" conditionals="2" coveredconditionals="0" methods="7" coveredmethods="0"/>
          <line num="29" count="0" type="stmt"/>
          <line num="35" count="0" type="stmt"/>
          <line num="36" count="0" type="stmt"/>
          <line num="40" count="0" type="stmt"/>
          <line num="44" count="0" type="stmt"/>
          <line num="45" count="0" type="cond" truecount="0" falsecount="2"/>
          <line num="46" count="0" type="stmt"/>
          <line num="47" count="0" type="stmt"/>
          <line num="49" count="0" type="stmt"/>
          <line num="50" count="0" type="stmt"/>
          <line num="51" count="0" type="stmt"/>
          <line num="52" count="0" type="stmt"/>
          <line num="54" count="0" type="stmt"/>
          <line num="60" count="0" type="stmt"/>
        </file>
        <file name="Welcome.vue" path="/home/ali/code/potato-wallet/src/components/Sub/Welcome.vue">
          <metrics statements="3" coveredstatements="0" conditionals="0" coveredconditionals="0" methods="2" coveredmethods="0"/>
          <line num="40" count="0" type="stmt"/>
          <line num="46" count="0" type="stmt"/>
          <line num="47" count="0" type="stmt"/>
        </file>
      </package>
    </metrics>
  </project>
</coverage>
