{"/home/ali/code/potato-wallet/src/assets/ccc-streamer-utilities.js": {"path":"/home/ali/code/potato-wallet/src/assets/ccc-streamer-utilities.js","statementMap":{"0":{"start":{"line":2,"column":10},"end":{"line":2,"column":0}},"1":{"start":{"line":3,"column":0},"end":{"line":null,"column":-1}},"2":{"start":{"line":4,"column":0},"end":{"line":null,"column":-1}},"3":{"start":{"line":6,"column":0},"end":{"line":null,"column":-1}},"4":{"start":{"line":27,"column":0},"end":{"line":null,"column":-1}},"5":{"start":{"line":29,"column":0},"end":{"line":null,"column":-1}},"6":{"start":{"line":46,"column":0},"end":{"line":null,"column":-1}},"7":{"start":{"line":47,"column":4},"end":{"line":null,"column":-1}},"8":{"start":{"line":50,"column":0},"end":{"line":null,"column":-1}},"9":{"start":{"line":56,"column":8},"end":{"line":57,"column":1661}},"10":{"start":{"line":57,"column":1648},"end":{"line":57,"column":1661}},"11":{"start":{"line":58,"column":8},"end":{"line":null,"column":-1}},"12":{"start":{"line":61,"column":8},"end":{"line":null,"column":-1}},"13":{"start":{"line":64,"column":8},"end":{"line":66,"column":9}},"14":{"start":{"line":65,"column":12},"end":{"line":null,"column":-1}},"15":{"start":{"line":67,"column":8},"end":{"line":null,"column":-1}},"16":{"start":{"line":70,"column":19},"end":{"line":70,"column":8}},"17":{"start":{"line":71,"column":8},"end":{"line":71,"column":31}},"18":{"start":{"line":71,"column":31},"end":{"line":null,"column":-1}},"19":{"start":{"line":73,"column":16},"end":{"line":73,"column":8}},"20":{"start":{"line":73,"column":27},"end":{"line":73,"column":8}},"21":{"start":{"line":74,"column":18},"end":{"line":73,"column":8}},"22":{"start":{"line":75,"column":18},"end":{"line":73,"column":8}},"23":{"start":{"line":77,"column":8},"end":{"line":81,"column":9}},"24":{"start":{"line":78,"column":12},"end":{"line":null,"column":-1}},"25":{"start":{"line":79,"column":12},"end":{"line":null,"column":-1}},"26":{"start":{"line":79,"column":26},"end":{"line":79,"column":12}},"27":{"start":{"line":80,"column":12},"end":{"line":null,"column":-1}},"28":{"start":{"line":82,"column":8},"end":{"line":null,"column":-1}},"29":{"start":{"line":83,"column":8},"end":{"line":null,"column":-1}},"30":{"start":{"line":83,"column":22},"end":{"line":83,"column":8}},"31":{"start":{"line":84,"column":8},"end":{"line":null,"column":-1}},"32":{"start":{"line":87,"column":8},"end":{"line":null,"column":-1}},"33":{"start":{"line":88,"column":8},"end":{"line":91,"column":9}},"34":{"start":{"line":89,"column":12},"end":{"line":null,"column":-1}},"35":{"start":{"line":90,"column":12},"end":{"line":null,"column":-1}},"36":{"start":{"line":92,"column":8},"end":{"line":94,"column":9}},"37":{"start":{"line":93,"column":12},"end":{"line":null,"column":-1}},"38":{"start":{"line":95,"column":8},"end":{"line":97,"column":9}},"39":{"start":{"line":96,"column":12},"end":{"line":null,"column":-1}},"40":{"start":{"line":98,"column":8},"end":{"line":100,"column":9}},"41":{"start":{"line":99,"column":12},"end":{"line":null,"column":-1}},"42":{"start":{"line":101,"column":8},"end":{"line":null,"column":-1}},"43":{"start":{"line":104,"column":8},"end":{"line":null,"column":-1}},"44":{"start":{"line":105,"column":8},"end":{"line":null,"column":-1}},"45":{"start":{"line":108,"column":26},"end":{"line":108,"column":8}},"46":{"start":{"line":109,"column":8},"end":{"line":null,"column":-1}},"47":{"start":{"line":110,"column":8},"end":{"line":null,"column":-1}},"48":{"start":{"line":111,"column":8},"end":{"line":null,"column":-1}},"49":{"start":{"line":114,"column":26},"end":{"line":114,"column":8}},"50":{"start":{"line":115,"column":8},"end":{"line":null,"column":-1}},"51":{"start":{"line":116,"column":8},"end":{"line":null,"column":-1}},"52":{"start":{"line":119,"column":21},"end":{"line":119,"column":8}},"53":{"start":{"line":120,"column":24},"end":{"line":120,"column":8}},"54":{"start":{"line":121,"column":8},"end":{"line":null,"column":-1}},"55":{"start":{"line":122,"column":23},"end":{"line":122,"column":8}},"56":{"start":{"line":123,"column":35},"end":{"line":123,"column":8}},"57":{"start":{"line":124,"column":38},"end":{"line":124,"column":8}},"58":{"start":{"line":125,"column":37},"end":{"line":125,"column":8}},"59":{"start":{"line":126,"column":8},"end":{"line":130,"column":9}},"60":{"start":{"line":127,"column":12},"end":{"line":null,"column":-1}},"61":{"start":{"line":128,"column":12},"end":{"line":null,"column":-1}},"62":{"start":{"line":129,"column":12},"end":{"line":null,"column":-1}},"63":{"start":{"line":131,"column":8},"end":{"line":139,"column":9}},"64":{"start":{"line":132,"column":12},"end":{"line":null,"column":-1}},"65":{"start":{"line":133,"column":12},"end":{"line":null,"column":-1}},"66":{"start":{"line":134,"column":12},"end":{"line":null,"column":-1}},"67":{"start":{"line":135,"column":12},"end":{"line":135,"column":82}},"68":{"start":{"line":135,"column":54},"end":{"line":135,"column":82}},"69":{"start":{"line":136,"column":12},"end":{"line":136,"column":80}},"70":{"start":{"line":136,"column":52},"end":{"line":136,"column":80}},"71":{"start":{"line":137,"column":12},"end":{"line":137,"column":78}},"72":{"start":{"line":137,"column":50},"end":{"line":137,"column":78}},"73":{"start":{"line":138,"column":12},"end":{"line":138,"column":76}},"74":{"start":{"line":138,"column":48},"end":{"line":138,"column":76}},"75":{"start":{"line":140,"column":8},"end":{"line":140,"column":52}},"76":{"start":{"line":140,"column":29},"end":{"line":140,"column":52}},"77":{"start":{"line":141,"column":8},"end":{"line":141,"column":41}},"78":{"start":{"line":141,"column":25},"end":{"line":141,"column":41}},"79":{"start":{"line":142,"column":8},"end":{"line":142,"column":47}},"80":{"start":{"line":142,"column":26},"end":{"line":142,"column":47}},"81":{"start":{"line":144,"column":8},"end":{"line":146,"column":9}},"82":{"start":{"line":145,"column":12},"end":{"line":null,"column":-1}},"83":{"start":{"line":147,"column":8},"end":{"line":149,"column":9}},"84":{"start":{"line":148,"column":12},"end":{"line":null,"column":-1}},"85":{"start":{"line":150,"column":8},"end":{"line":152,"column":9}},"86":{"start":{"line":151,"column":12},"end":{"line":null,"column":-1}},"87":{"start":{"line":154,"column":8},"end":{"line":180,"column":9}},"88":{"start":{"line":155,"column":12},"end":{"line":158,"column":13}},"89":{"start":{"line":156,"column":16},"end":{"line":null,"column":-1}},"90":{"start":{"line":157,"column":16},"end":{"line":null,"column":-1}},"91":{"start":{"line":159,"column":12},"end":{"line":162,"column":13}},"92":{"start":{"line":160,"column":16},"end":{"line":null,"column":-1}},"93":{"start":{"line":161,"column":16},"end":{"line":null,"column":-1}},"94":{"start":{"line":163,"column":12},"end":{"line":166,"column":13}},"95":{"start":{"line":164,"column":16},"end":{"line":null,"column":-1}},"96":{"start":{"line":165,"column":16},"end":{"line":null,"column":-1}},"97":{"start":{"line":167,"column":12},"end":{"line":169,"column":13}},"98":{"start":{"line":168,"column":16},"end":{"line":null,"column":-1}},"99":{"start":{"line":170,"column":12},"end":{"line":172,"column":13}},"100":{"start":{"line":171,"column":16},"end":{"line":null,"column":-1}},"101":{"start":{"line":173,"column":12},"end":{"line":null,"column":-1}},"102":{"start":{"line":175,"column":12},"end":{"line":177,"column":13}},"103":{"start":{"line":176,"column":16},"end":{"line":null,"column":-1}},"104":{"start":{"line":179,"column":12},"end":{"line":null,"column":-1}},"105":{"start":{"line":184,"column":0},"end":{"line":null,"column":-1}},"106":{"start":{"line":189,"column":0},"end":{"line":null,"column":-1}},"107":{"start":{"line":195,"column":0},"end":{"line":null,"column":-1}},"108":{"start":{"line":209,"column":0},"end":{"line":null,"column":-1}},"109":{"start":{"line":210,"column":0},"end":{"line":null,"column":-1}},"110":{"start":{"line":224,"column":0},"end":{"line":null,"column":-1}},"111":{"start":{"line":225,"column":15},"end":{"line":225,"column":4}},"112":{"start":{"line":226,"column":22},"end":{"line":226,"column":4}},"113":{"start":{"line":227,"column":4},"end":{"line":230,"column":5}},"114":{"start":{"line":228,"column":8},"end":{"line":null,"column":-1}},"115":{"start":{"line":229,"column":8},"end":{"line":null,"column":-1}},"116":{"start":{"line":231,"column":4},"end":{"line":null,"column":-1}},"117":{"start":{"line":234,"column":0},"end":{"line":null,"column":-1}},"118":{"start":{"line":235,"column":22},"end":{"line":235,"column":4}},"119":{"start":{"line":236,"column":28},"end":{"line":236,"column":4}},"120":{"start":{"line":237,"column":15},"end":{"line":237,"column":4}},"121":{"start":{"line":238,"column":18},"end":{"line":238,"column":4}},"122":{"start":{"line":239,"column":24},"end":{"line":239,"column":4}},"123":{"start":{"line":240,"column":23},"end":{"line":240,"column":4}},"124":{"start":{"line":241,"column":4},"end":{"line":249,"column":5}},"125":{"start":{"line":242,"column":8},"end":{"line":248,"column":9}},"126":{"start":{"line":243,"column":12},"end":{"line":null,"column":-1}},"127":{"start":{"line":244,"column":12},"end":{"line":null,"column":-1}},"128":{"start":{"line":245,"column":15},"end":{"line":248,"column":9}},"129":{"start":{"line":246,"column":12},"end":{"line":null,"column":-1}},"130":{"start":{"line":247,"column":12},"end":{"line":null,"column":-1}},"131":{"start":{"line":251,"column":4},"end":{"line":null,"column":-1}},"132":{"start":{"line":254,"column":0},"end":{"line":null,"column":-1}},"133":{"start":{"line":255,"column":4},"end":{"line":null,"column":-1}},"134":{"start":{"line":258,"column":0},"end":{"line":null,"column":-1}},"135":{"start":{"line":263,"column":0},"end":{"line":null,"column":-1}},"136":{"start":{"line":278,"column":0},"end":{"line":null,"column":-1}},"137":{"start":{"line":305,"column":0},"end":{"line":null,"column":-1}},"138":{"start":{"line":306,"column":0},"end":{"line":null,"column":-1}},"139":{"start":{"line":333,"column":0},"end":{"line":null,"column":-1}},"140":{"start":{"line":334,"column":15},"end":{"line":334,"column":4}},"141":{"start":{"line":335,"column":24},"end":{"line":335,"column":4}},"142":{"start":{"line":336,"column":4},"end":{"line":341,"column":5}},"143":{"start":{"line":337,"column":8},"end":{"line":340,"column":9}},"144":{"start":{"line":338,"column":12},"end":{"line":null,"column":-1}},"145":{"start":{"line":339,"column":12},"end":{"line":null,"column":-1}},"146":{"start":{"line":343,"column":4},"end":{"line":null,"column":-1}},"147":{"start":{"line":346,"column":0},"end":{"line":null,"column":-1}},"148":{"start":{"line":347,"column":22},"end":{"line":347,"column":4}},"149":{"start":{"line":348,"column":28},"end":{"line":348,"column":4}},"150":{"start":{"line":349,"column":15},"end":{"line":349,"column":4}},"151":{"start":{"line":350,"column":18},"end":{"line":350,"column":4}},"152":{"start":{"line":351,"column":26},"end":{"line":351,"column":4}},"153":{"start":{"line":352,"column":23},"end":{"line":352,"column":4}},"154":{"start":{"line":353,"column":4},"end":{"line":367,"column":5}},"155":{"start":{"line":354,"column":8},"end":{"line":366,"column":9}},"156":{"start":{"line":355,"column":12},"end":{"line":null,"column":-1}},"157":{"start":{"line":356,"column":12},"end":{"line":null,"column":-1}},"158":{"start":{"line":357,"column":15},"end":{"line":366,"column":9}},"159":{"start":{"line":360,"column":12},"end":{"line":364,"column":13}},"160":{"start":{"line":361,"column":16},"end":{"line":null,"column":-1}},"161":{"start":{"line":363,"column":16},"end":{"line":null,"column":-1}},"162":{"start":{"line":365,"column":12},"end":{"line":null,"column":-1}},"163":{"start":{"line":369,"column":4},"end":{"line":null,"column":-1}},"164":{"start":{"line":371,"column":0},"end":{"line":null,"column":-1}},"165":{"start":{"line":372,"column":4},"end":{"line":null,"column":-1}},"166":{"start":{"line":374,"column":0},"end":{"line":null,"column":-1}},"167":{"start":{"line":375,"column":22},"end":{"line":375,"column":4}},"168":{"start":{"line":376,"column":4},"end":{"line":null,"column":-1}},"169":{"start":{"line":379,"column":0},"end":{"line":null,"column":-1}},"170":{"start":{"line":380,"column":15},"end":{"line":380,"column":4}},"171":{"start":{"line":381,"column":4},"end":{"line":381,"column":27}},"172":{"start":{"line":381,"column":27},"end":{"line":null,"column":-1}},"173":{"start":{"line":383,"column":12},"end":{"line":383,"column":4}},"174":{"start":{"line":383,"column":23},"end":{"line":383,"column":4}},"175":{"start":{"line":384,"column":14},"end":{"line":383,"column":4}},"176":{"start":{"line":385,"column":14},"end":{"line":383,"column":4}},"177":{"start":{"line":387,"column":4},"end":{"line":391,"column":5}},"178":{"start":{"line":388,"column":8},"end":{"line":null,"column":-1}},"179":{"start":{"line":389,"column":8},"end":{"line":null,"column":-1}},"180":{"start":{"line":389,"column":22},"end":{"line":389,"column":8}},"181":{"start":{"line":390,"column":8},"end":{"line":null,"column":-1}},"182":{"start":{"line":392,"column":4},"end":{"line":null,"column":-1}},"183":{"start":{"line":393,"column":4},"end":{"line":null,"column":-1}},"184":{"start":{"line":393,"column":18},"end":{"line":393,"column":4}},"185":{"start":{"line":394,"column":4},"end":{"line":null,"column":-1}},"186":{"start":{"line":397,"column":0},"end":{"line":null,"column":-1}},"187":{"start":{"line":398,"column":30},"end":{"line":398,"column":4}},"188":{"start":{"line":399,"column":36},"end":{"line":399,"column":4}},"189":{"start":{"line":400,"column":16},"end":{"line":400,"column":4}},"190":{"start":{"line":401,"column":4},"end":{"line":null,"column":-1}},"191":{"start":{"line":402,"column":4},"end":{"line":null,"column":-1}},"192":{"start":{"line":405,"column":0},"end":{"line":null,"column":-1}},"193":{"start":{"line":406,"column":17},"end":{"line":406,"column":4}},"194":{"start":{"line":407,"column":20},"end":{"line":407,"column":4}},"195":{"start":{"line":408,"column":4},"end":{"line":null,"column":-1}},"196":{"start":{"line":409,"column":19},"end":{"line":409,"column":4}},"197":{"start":{"line":410,"column":31},"end":{"line":410,"column":4}},"198":{"start":{"line":411,"column":34},"end":{"line":411,"column":4}},"199":{"start":{"line":412,"column":33},"end":{"line":412,"column":4}},"200":{"start":{"line":413,"column":4},"end":{"line":417,"column":5}},"201":{"start":{"line":414,"column":8},"end":{"line":null,"column":-1}},"202":{"start":{"line":415,"column":8},"end":{"line":null,"column":-1}},"203":{"start":{"line":416,"column":8},"end":{"line":null,"column":-1}},"204":{"start":{"line":418,"column":4},"end":{"line":420,"column":5}},"205":{"start":{"line":419,"column":8},"end":{"line":null,"column":-1}},"206":{"start":{"line":421,"column":4},"end":{"line":423,"column":5}},"207":{"start":{"line":422,"column":8},"end":{"line":null,"column":-1}},"208":{"start":{"line":425,"column":4},"end":{"line":427,"column":5}},"209":{"start":{"line":426,"column":8},"end":{"line":null,"column":-1}},"210":{"start":{"line":429,"column":4},"end":{"line":431,"column":5}},"211":{"start":{"line":430,"column":8},"end":{"line":null,"column":-1}},"212":{"start":{"line":432,"column":4},"end":{"line":434,"column":5}},"213":{"start":{"line":433,"column":8},"end":{"line":null,"column":-1}},"214":{"start":{"line":435,"column":4},"end":{"line":437,"column":5}},"215":{"start":{"line":436,"column":8},"end":{"line":null,"column":-1}},"216":{"start":{"line":439,"column":4},"end":{"line":462,"column":5}},"217":{"start":{"line":440,"column":8},"end":{"line":443,"column":9}},"218":{"start":{"line":441,"column":12},"end":{"line":null,"column":-1}},"219":{"start":{"line":442,"column":12},"end":{"line":null,"column":-1}},"220":{"start":{"line":444,"column":8},"end":{"line":447,"column":9}},"221":{"start":{"line":445,"column":12},"end":{"line":null,"column":-1}},"222":{"start":{"line":446,"column":12},"end":{"line":null,"column":-1}},"223":{"start":{"line":448,"column":8},"end":{"line":451,"column":9}},"224":{"start":{"line":449,"column":12},"end":{"line":null,"column":-1}},"225":{"start":{"line":450,"column":12},"end":{"line":null,"column":-1}},"226":{"start":{"line":452,"column":8},"end":{"line":454,"column":9}},"227":{"start":{"line":453,"column":12},"end":{"line":null,"column":-1}},"228":{"start":{"line":455,"column":8},"end":{"line":null,"column":-1}},"229":{"start":{"line":457,"column":8},"end":{"line":459,"column":9}},"230":{"start":{"line":458,"column":12},"end":{"line":null,"column":-1}},"231":{"start":{"line":461,"column":8},"end":{"line":null,"column":-1}}},"fnMap":{"0":{"name":"(anonymous_0)","decl":{"start":{"line":46,"column":32},"end":{"line":46,"column":41}},"loc":{"start":{"line":46,"column":50},"end":{"line":46,"column":0}}},"1":{"name":"isMobile","decl":{"start":{"line":55,"column":14},"end":{"line":55,"column":23}},"loc":{"start":{"line":55,"column":35},"end":{"line":50,"column":18}}},"2":{"name":"convertToMB","decl":{"start":{"line":60,"column":17},"end":{"line":60,"column":26}},"loc":{"start":{"line":60,"column":34},"end":{"line":50,"column":18}}},"3":{"name":"getNameForExchange","decl":{"start":{"line":63,"column":24},"end":{"line":63,"column":33}},"loc":{"start":{"line":63,"column":48},"end":{"line":50,"column":18}}},"4":{"name":"noExponents","decl":{"start":{"line":69,"column":17},"end":{"line":69,"column":26}},"loc":{"start":{"line":69,"column":34},"end":{"line":50,"column":18}}},"5":{"name":"reduceFloatVal","decl":{"start":{"line":86,"column":20},"end":{"line":86,"column":29}},"loc":{"start":{"line":86,"column":37},"end":{"line":50,"column":18}}},"6":{"name":"reduceReal","decl":{"start":{"line":103,"column":16},"end":{"line":103,"column":25}},"loc":{"start":{"line":103,"column":33},"end":{"line":50,"column":18}}},"7":{"name":"convertCurrentKeyToAll","decl":{"start":{"line":107,"column":28},"end":{"line":107,"column":37}},"loc":{"start":{"line":107,"column":43},"end":{"line":50,"column":18}}},"8":{"name":"convertCurrentKeyToTrade","decl":{"start":{"line":113,"column":30},"end":{"line":113,"column":39}},"loc":{"start":{"line":113,"column":45},"end":{"line":50,"column":18}}},"9":{"name":"convertValueToDisplay","decl":{"start":{"line":118,"column":27},"end":{"line":118,"column":36}},"loc":{"start":{"line":118,"column":102},"end":{"line":50,"column":18}}},"10":{"name":"(anonymous_10)","decl":{"start":{"line":224,"column":17},"end":{"line":224,"column":26}},"loc":{"start":{"line":224,"column":40},"end":{"line":224,"column":0}}},"11":{"name":"(anonymous_11)","decl":{"start":{"line":234,"column":19},"end":{"line":234,"column":28}},"loc":{"start":{"line":234,"column":42},"end":{"line":234,"column":0}}},"12":{"name":"(anonymous_12)","decl":{"start":{"line":254,"column":19},"end":{"line":254,"column":28}},"loc":{"start":{"line":254,"column":42},"end":{"line":254,"column":0}}},"13":{"name":"(anonymous_13)","decl":{"start":{"line":333,"column":19},"end":{"line":333,"column":28}},"loc":{"start":{"line":333,"column":44},"end":{"line":333,"column":0}}},"14":{"name":"(anonymous_14)","decl":{"start":{"line":346,"column":21},"end":{"line":346,"column":30}},"loc":{"start":{"line":346,"column":38},"end":{"line":346,"column":0}}},"15":{"name":"(anonymous_15)","decl":{"start":{"line":371,"column":21},"end":{"line":371,"column":30}},"loc":{"start":{"line":371,"column":46},"end":{"line":371,"column":0}}},"16":{"name":"(anonymous_16)","decl":{"start":{"line":374,"column":37},"end":{"line":374,"column":46}},"loc":{"start":{"line":374,"column":61},"end":{"line":374,"column":0}}},"17":{"name":"(anonymous_17)","decl":{"start":{"line":379,"column":18},"end":{"line":379,"column":27}},"loc":{"start":{"line":379,"column":35},"end":{"line":379,"column":0}}},"18":{"name":"(anonymous_18)","decl":{"start":{"line":397,"column":35},"end":{"line":397,"column":44}},"loc":{"start":{"line":397,"column":62},"end":{"line":397,"column":0}}},"19":{"name":"(anonymous_19)","decl":{"start":{"line":405,"column":28},"end":{"line":405,"column":37}},"loc":{"start":{"line":405,"column":72},"end":{"line":405,"column":0}}}},"branchMap":{"0":{"loc":{"start":{"line":2,"column":10},"end":{"line":2,"column":16}},"type":"binary-expr","locations":[{"start":{"line":2,"column":10},"end":{"line":2,"column":16}},{"start":{"line":2,"column":17},"end":{"line":2,"column":0}}]},"1":{"loc":{"start":{"line":4,"column":13},"end":{"line":4,"column":12}},"type":"binary-expr","locations":[{"start":{"line":4,"column":13},"end":{"line":4,"column":12}},{"start":{"line":4,"column":27},"end":{"line":4,"column":0}}]},"2":{"loc":{"start":{"line":27,"column":22},"end":{"line":27,"column":21}},"type":"binary-expr","locations":[{"start":{"line":27,"column":22},"end":{"line":27,"column":21}},{"start":{"line":27,"column":45},"end":{"line":27,"column":0}}]},"3":{"loc":{"start":{"line":47,"column":11},"end":{"line":47,"column":48}},"type":"binary-expr","locations":[{"start":{"line":47,"column":11},"end":{"line":47,"column":48}},{"start":{"line":47,"column":49},"end":{"line":47,"column":4}}]},"4":{"loc":{"start":{"line":56,"column":8},"end":{"line":57,"column":1661}},"type":"if","locations":[{"start":{"line":56,"column":8},"end":{"line":57,"column":1661}},{"start":{"line":56,"column":8},"end":{"line":57,"column":1661}}]},"5":{"loc":{"start":{"line":56,"column":12},"end":{"line":null,"column":-1}},"type":"binary-expr","locations":[{"start":{"line":56,"column":12},"end":{"line":null,"column":-1}},{"start":{"line":57,"column":6},"end":{"line":56,"column":8}}]},"6":{"loc":{"start":{"line":64,"column":8},"end":{"line":66,"column":9}},"type":"if","locations":[{"start":{"line":64,"column":8},"end":{"line":66,"column":9}},{"start":{"line":64,"column":8},"end":{"line":66,"column":9}}]},"7":{"loc":{"start":{"line":71,"column":8},"end":{"line":71,"column":31}},"type":"if","locations":[{"start":{"line":71,"column":8},"end":{"line":71,"column":31}},{"start":{"line":71,"column":8},"end":{"line":71,"column":31}}]},"8":{"loc":{"start":{"line":73,"column":39},"end":{"line":73,"column":27}},"type":"cond-expr","locations":[{"start":{"line":73,"column":39},"end":{"line":73,"column":27}},{"start":{"line":73,"column":45},"end":{"line":73,"column":8}}]},"9":{"loc":{"start":{"line":77,"column":8},"end":{"line":81,"column":9}},"type":"if","locations":[{"start":{"line":77,"column":8},"end":{"line":81,"column":9}},{"start":{"line":77,"column":8},"end":{"line":81,"column":9}}]},"10":{"loc":{"start":{"line":88,"column":8},"end":{"line":91,"column":9}},"type":"if","locations":[{"start":{"line":88,"column":8},"end":{"line":91,"column":9}},{"start":{"line":88,"column":8},"end":{"line":91,"column":9}}]},"11":{"loc":{"start":{"line":92,"column":8},"end":{"line":94,"column":9}},"type":"if","locations":[{"start":{"line":92,"column":8},"end":{"line":94,"column":9}},{"start":{"line":92,"column":8},"end":{"line":94,"column":9}}]},"12":{"loc":{"start":{"line":95,"column":8},"end":{"line":97,"column":9}},"type":"if","locations":[{"start":{"line":95,"column":8},"end":{"line":97,"column":9}},{"start":{"line":95,"column":8},"end":{"line":97,"column":9}}]},"13":{"loc":{"start":{"line":98,"column":8},"end":{"line":100,"column":9}},"type":"if","locations":[{"start":{"line":98,"column":8},"end":{"line":100,"column":9}},{"start":{"line":98,"column":8},"end":{"line":100,"column":9}}]},"14":{"loc":{"start":{"line":126,"column":8},"end":{"line":130,"column":9}},"type":"if","locations":[{"start":{"line":126,"column":8},"end":{"line":130,"column":9}},{"start":{"line":126,"column":8},"end":{"line":130,"column":9}}]},"15":{"loc":{"start":{"line":131,"column":8},"end":{"line":139,"column":9}},"type":"if","locations":[{"start":{"line":131,"column":8},"end":{"line":139,"column":9}},{"start":{"line":131,"column":8},"end":{"line":139,"column":9}}]},"16":{"loc":{"start":{"line":135,"column":12},"end":{"line":135,"column":82}},"type":"if","locations":[{"start":{"line":135,"column":12},"end":{"line":135,"column":82}},{"start":{"line":135,"column":12},"end":{"line":135,"column":82}}]},"17":{"loc":{"start":{"line":135,"column":16},"end":{"line":135,"column":15}},"type":"binary-expr","locations":[{"start":{"line":135,"column":16},"end":{"line":135,"column":15}},{"start":{"line":135,"column":34},"end":{"line":135,"column":12}}]},"18":{"loc":{"start":{"line":136,"column":12},"end":{"line":136,"column":80}},"type":"if","locations":[{"start":{"line":136,"column":12},"end":{"line":136,"column":80}},{"start":{"line":136,"column":12},"end":{"line":136,"column":80}}]},"19":{"loc":{"start":{"line":136,"column":16},"end":{"line":136,"column":15}},"type":"binary-expr","locations":[{"start":{"line":136,"column":16},"end":{"line":136,"column":15}},{"start":{"line":136,"column":33},"end":{"line":136,"column":12}}]},"20":{"loc":{"start":{"line":137,"column":12},"end":{"line":137,"column":78}},"type":"if","locations":[{"start":{"line":137,"column":12},"end":{"line":137,"column":78}},{"start":{"line":137,"column":12},"end":{"line":137,"column":78}}]},"21":{"loc":{"start":{"line":137,"column":16},"end":{"line":137,"column":15}},"type":"binary-expr","locations":[{"start":{"line":137,"column":16},"end":{"line":137,"column":15}},{"start":{"line":137,"column":32},"end":{"line":137,"column":12}}]},"22":{"loc":{"start":{"line":138,"column":12},"end":{"line":138,"column":76}},"type":"if","locations":[{"start":{"line":138,"column":12},"end":{"line":138,"column":76}},{"start":{"line":138,"column":12},"end":{"line":138,"column":76}}]},"23":{"loc":{"start":{"line":138,"column":16},"end":{"line":138,"column":15}},"type":"binary-expr","locations":[{"start":{"line":138,"column":16},"end":{"line":138,"column":15}},{"start":{"line":138,"column":31},"end":{"line":138,"column":12}}]},"24":{"loc":{"start":{"line":140,"column":8},"end":{"line":140,"column":52}},"type":"if","locations":[{"start":{"line":140,"column":8},"end":{"line":140,"column":52}},{"start":{"line":140,"column":8},"end":{"line":140,"column":52}}]},"25":{"loc":{"start":{"line":141,"column":8},"end":{"line":141,"column":41}},"type":"if","locations":[{"start":{"line":141,"column":8},"end":{"line":141,"column":41}},{"start":{"line":141,"column":8},"end":{"line":141,"column":41}}]},"26":{"loc":{"start":{"line":142,"column":8},"end":{"line":142,"column":47}},"type":"if","locations":[{"start":{"line":142,"column":8},"end":{"line":142,"column":47}},{"start":{"line":142,"column":8},"end":{"line":142,"column":47}}]},"27":{"loc":{"start":{"line":144,"column":8},"end":{"line":146,"column":9}},"type":"if","locations":[{"start":{"line":144,"column":8},"end":{"line":146,"column":9}},{"start":{"line":144,"column":8},"end":{"line":146,"column":9}}]},"28":{"loc":{"start":{"line":144,"column":12},"end":{"line":144,"column":11}},"type":"binary-expr","locations":[{"start":{"line":144,"column":12},"end":{"line":144,"column":11}},{"start":{"line":144,"column":34},"end":{"line":144,"column":12}},{"start":{"line":144,"column":57},"end":{"line":144,"column":8}}]},"29":{"loc":{"start":{"line":147,"column":8},"end":{"line":149,"column":9}},"type":"if","locations":[{"start":{"line":147,"column":8},"end":{"line":149,"column":9}},{"start":{"line":147,"column":8},"end":{"line":149,"column":9}}]},"30":{"loc":{"start":{"line":147,"column":12},"end":{"line":147,"column":11}},"type":"binary-expr","locations":[{"start":{"line":147,"column":12},"end":{"line":147,"column":11}},{"start":{"line":147,"column":34},"end":{"line":147,"column":12}},{"start":{"line":147,"column":57},"end":{"line":147,"column":8}}]},"31":{"loc":{"start":{"line":150,"column":8},"end":{"line":152,"column":9}},"type":"if","locations":[{"start":{"line":150,"column":8},"end":{"line":152,"column":9}},{"start":{"line":150,"column":8},"end":{"line":152,"column":9}}]},"32":{"loc":{"start":{"line":150,"column":12},"end":{"line":150,"column":11}},"type":"binary-expr","locations":[{"start":{"line":150,"column":12},"end":{"line":150,"column":11}},{"start":{"line":150,"column":34},"end":{"line":150,"column":8}}]},"33":{"loc":{"start":{"line":154,"column":8},"end":{"line":180,"column":9}},"type":"if","locations":[{"start":{"line":154,"column":8},"end":{"line":180,"column":9}},{"start":{"line":154,"column":8},"end":{"line":180,"column":9}}]},"34":{"loc":{"start":{"line":154,"column":12},"end":{"line":154,"column":11}},"type":"binary-expr","locations":[{"start":{"line":154,"column":12},"end":{"line":154,"column":11}},{"start":{"line":154,"column":32},"end":{"line":154,"column":8}}]},"35":{"loc":{"start":{"line":155,"column":12},"end":{"line":158,"column":13}},"type":"if","locations":[{"start":{"line":155,"column":12},"end":{"line":158,"column":13}},{"start":{"line":155,"column":12},"end":{"line":158,"column":13}}]},"36":{"loc":{"start":{"line":159,"column":12},"end":{"line":162,"column":13}},"type":"if","locations":[{"start":{"line":159,"column":12},"end":{"line":162,"column":13}},{"start":{"line":159,"column":12},"end":{"line":162,"column":13}}]},"37":{"loc":{"start":{"line":163,"column":12},"end":{"line":166,"column":13}},"type":"if","locations":[{"start":{"line":163,"column":12},"end":{"line":166,"column":13}},{"start":{"line":163,"column":12},"end":{"line":166,"column":13}}]},"38":{"loc":{"start":{"line":167,"column":12},"end":{"line":169,"column":13}},"type":"if","locations":[{"start":{"line":167,"column":12},"end":{"line":169,"column":13}},{"start":{"line":167,"column":12},"end":{"line":169,"column":13}}]},"39":{"loc":{"start":{"line":167,"column":16},"end":{"line":167,"column":15}},"type":"binary-expr","locations":[{"start":{"line":167,"column":16},"end":{"line":167,"column":15}},{"start":{"line":167,"column":40},"end":{"line":167,"column":12}}]},"40":{"loc":{"start":{"line":170,"column":12},"end":{"line":172,"column":13}},"type":"if","locations":[{"start":{"line":170,"column":12},"end":{"line":172,"column":13}},{"start":{"line":170,"column":12},"end":{"line":172,"column":13}}]},"41":{"loc":{"start":{"line":175,"column":12},"end":{"line":177,"column":13}},"type":"if","locations":[{"start":{"line":175,"column":12},"end":{"line":177,"column":13}},{"start":{"line":175,"column":12},"end":{"line":177,"column":13}}]},"42":{"loc":{"start":{"line":184,"column":12},"end":{"line":184,"column":11}},"type":"binary-expr","locations":[{"start":{"line":184,"column":12},"end":{"line":184,"column":11}},{"start":{"line":184,"column":25},"end":{"line":184,"column":0}}]},"43":{"loc":{"start":{"line":209,"column":20},"end":{"line":209,"column":19}},"type":"binary-expr","locations":[{"start":{"line":209,"column":20},"end":{"line":209,"column":19}},{"start":{"line":209,"column":41},"end":{"line":209,"column":0}}]},"44":{"loc":{"start":{"line":242,"column":8},"end":{"line":248,"column":9}},"type":"if","locations":[{"start":{"line":242,"column":8},"end":{"line":248,"column":9}},{"start":{"line":242,"column":8},"end":{"line":248,"column":9}}]},"45":{"loc":{"start":{"line":245,"column":15},"end":{"line":248,"column":9}},"type":"if","locations":[{"start":{"line":245,"column":15},"end":{"line":248,"column":9}},{"start":{"line":245,"column":15},"end":{"line":248,"column":9}}]},"46":{"loc":{"start":{"line":258,"column":14},"end":{"line":258,"column":13}},"type":"binary-expr","locations":[{"start":{"line":258,"column":14},"end":{"line":258,"column":13}},{"start":{"line":258,"column":29},"end":{"line":258,"column":0}}]},"47":{"loc":{"start":{"line":305,"column":22},"end":{"line":305,"column":21}},"type":"binary-expr","locations":[{"start":{"line":305,"column":22},"end":{"line":305,"column":21}},{"start":{"line":305,"column":45},"end":{"line":305,"column":0}}]},"48":{"loc":{"start":{"line":337,"column":8},"end":{"line":340,"column":9}},"type":"if","locations":[{"start":{"line":337,"column":8},"end":{"line":340,"column":9}},{"start":{"line":337,"column":8},"end":{"line":340,"column":9}}]},"49":{"loc":{"start":{"line":354,"column":8},"end":{"line":366,"column":9}},"type":"if","locations":[{"start":{"line":354,"column":8},"end":{"line":366,"column":9}},{"start":{"line":354,"column":8},"end":{"line":366,"column":9}}]},"50":{"loc":{"start":{"line":357,"column":15},"end":{"line":366,"column":9}},"type":"if","locations":[{"start":{"line":357,"column":15},"end":{"line":366,"column":9}},{"start":{"line":357,"column":15},"end":{"line":366,"column":9}}]},"51":{"loc":{"start":{"line":360,"column":12},"end":{"line":364,"column":13}},"type":"if","locations":[{"start":{"line":360,"column":12},"end":{"line":364,"column":13}},{"start":{"line":360,"column":12},"end":{"line":364,"column":13}}]},"52":{"loc":{"start":{"line":381,"column":4},"end":{"line":381,"column":27}},"type":"if","locations":[{"start":{"line":381,"column":4},"end":{"line":381,"column":27}},{"start":{"line":381,"column":4},"end":{"line":381,"column":27}}]},"53":{"loc":{"start":{"line":383,"column":35},"end":{"line":383,"column":23}},"type":"cond-expr","locations":[{"start":{"line":383,"column":35},"end":{"line":383,"column":23}},{"start":{"line":383,"column":41},"end":{"line":383,"column":4}}]},"54":{"loc":{"start":{"line":387,"column":4},"end":{"line":391,"column":5}},"type":"if","locations":[{"start":{"line":387,"column":4},"end":{"line":391,"column":5}},{"start":{"line":387,"column":4},"end":{"line":391,"column":5}}]},"55":{"loc":{"start":{"line":413,"column":4},"end":{"line":417,"column":5}},"type":"if","locations":[{"start":{"line":413,"column":4},"end":{"line":417,"column":5}},{"start":{"line":413,"column":4},"end":{"line":417,"column":5}}]},"56":{"loc":{"start":{"line":418,"column":4},"end":{"line":420,"column":5}},"type":"if","locations":[{"start":{"line":418,"column":4},"end":{"line":420,"column":5}},{"start":{"line":418,"column":4},"end":{"line":420,"column":5}}]},"57":{"loc":{"start":{"line":421,"column":4},"end":{"line":423,"column":5}},"type":"if","locations":[{"start":{"line":421,"column":4},"end":{"line":423,"column":5}},{"start":{"line":421,"column":4},"end":{"line":423,"column":5}}]},"58":{"loc":{"start":{"line":425,"column":4},"end":{"line":427,"column":5}},"type":"if","locations":[{"start":{"line":425,"column":4},"end":{"line":427,"column":5}},{"start":{"line":425,"column":4},"end":{"line":427,"column":5}}]},"59":{"loc":{"start":{"line":429,"column":4},"end":{"line":431,"column":5}},"type":"if","locations":[{"start":{"line":429,"column":4},"end":{"line":431,"column":5}},{"start":{"line":429,"column":4},"end":{"line":431,"column":5}}]},"60":{"loc":{"start":{"line":429,"column":8},"end":{"line":429,"column":7}},"type":"binary-expr","locations":[{"start":{"line":429,"column":8},"end":{"line":429,"column":7}},{"start":{"line":429,"column":30},"end":{"line":429,"column":8}},{"start":{"line":429,"column":53},"end":{"line":429,"column":4}}]},"61":{"loc":{"start":{"line":432,"column":4},"end":{"line":434,"column":5}},"type":"if","locations":[{"start":{"line":432,"column":4},"end":{"line":434,"column":5}},{"start":{"line":432,"column":4},"end":{"line":434,"column":5}}]},"62":{"loc":{"start":{"line":432,"column":8},"end":{"line":432,"column":7}},"type":"binary-expr","locations":[{"start":{"line":432,"column":8},"end":{"line":432,"column":7}},{"start":{"line":432,"column":30},"end":{"line":432,"column":8}},{"start":{"line":432,"column":53},"end":{"line":432,"column":4}}]},"63":{"loc":{"start":{"line":435,"column":4},"end":{"line":437,"column":5}},"type":"if","locations":[{"start":{"line":435,"column":4},"end":{"line":437,"column":5}},{"start":{"line":435,"column":4},"end":{"line":437,"column":5}}]},"64":{"loc":{"start":{"line":435,"column":8},"end":{"line":435,"column":7}},"type":"binary-expr","locations":[{"start":{"line":435,"column":8},"end":{"line":435,"column":7}},{"start":{"line":435,"column":30},"end":{"line":435,"column":8}},{"start":{"line":435,"column":53},"end":{"line":435,"column":4}}]},"65":{"loc":{"start":{"line":439,"column":4},"end":{"line":462,"column":5}},"type":"if","locations":[{"start":{"line":439,"column":4},"end":{"line":462,"column":5}},{"start":{"line":439,"column":4},"end":{"line":462,"column":5}}]},"66":{"loc":{"start":{"line":440,"column":8},"end":{"line":443,"column":9}},"type":"if","locations":[{"start":{"line":440,"column":8},"end":{"line":443,"column":9}},{"start":{"line":440,"column":8},"end":{"line":443,"column":9}}]},"67":{"loc":{"start":{"line":444,"column":8},"end":{"line":447,"column":9}},"type":"if","locations":[{"start":{"line":444,"column":8},"end":{"line":447,"column":9}},{"start":{"line":444,"column":8},"end":{"line":447,"column":9}}]},"68":{"loc":{"start":{"line":448,"column":8},"end":{"line":451,"column":9}},"type":"if","locations":[{"start":{"line":448,"column":8},"end":{"line":451,"column":9}},{"start":{"line":448,"column":8},"end":{"line":451,"column":9}}]},"69":{"loc":{"start":{"line":452,"column":8},"end":{"line":454,"column":9}},"type":"if","locations":[{"start":{"line":452,"column":8},"end":{"line":454,"column":9}},{"start":{"line":452,"column":8},"end":{"line":454,"column":9}}]},"70":{"loc":{"start":{"line":457,"column":8},"end":{"line":459,"column":9}},"type":"if","locations":[{"start":{"line":457,"column":8},"end":{"line":459,"column":9}},{"start":{"line":457,"column":8},"end":{"line":459,"column":9}}]}},"s":{"0":0,"1":0,"2":0,"3":0,"4":0,"5":0,"6":0,"7":0,"8":0,"9":0,"10":0,"11":0,"12":0,"13":0,"14":0,"15":0,"16":0,"17":0,"18":0,"19":0,"20":0,"21":0,"22":0,"23":0,"24":0,"25":0,"26":0,"27":0,"28":0,"29":0,"30":0,"31":0,"32":0,"33":0,"34":0,"35":0,"36":0,"37":0,"38":0,"39":0,"40":0,"41":0,"42":0,"43":0,"44":0,"45":0,"46":0,"47":0,"48":0,"49":0,"50":0,"51":0,"52":0,"53":0,"54":0,"55":0,"56":0,"57":0,"58":0,"59":0,"60":0,"61":0,"62":0,"63":0,"64":0,"65":0,"66":0,"67":0,"68":0,"69":0,"70":0,"71":0,"72":0,"73":0,"74":0,"75":0,"76":0,"77":0,"78":0,"79":0,"80":0,"81":0,"82":0,"83":0,"84":0,"85":0,"86":0,"87":0,"88":0,"89":0,"90":0,"91":0,"92":0,"93":0,"94":0,"95":0,"96":0,"97":0,"98":0,"99":0,"100":0,"101":0,"102":0,"103":0,"104":0,"105":0,"106":0,"107":0,"108":0,"109":0,"110":0,"111":0,"112":0,"113":0,"114":0,"115":0,"116":0,"117":0,"118":0,"119":0,"120":0,"121":0,"122":0,"123":0,"124":0,"125":0,"126":0,"127":0,"128":0,"129":0,"130":0,"131":0,"132":0,"133":0,"134":0,"135":0,"136":0,"137":0,"138":0,"139":0,"140":0,"141":0,"142":0,"143":0,"144":0,"145":0,"146":0,"147":0,"148":0,"149":0,"150":0,"151":0,"152":0,"153":0,"154":0,"155":0,"156":0,"157":0,"158":0,"159":0,"160":0,"161":0,"162":0,"163":0,"164":0,"165":0,"166":0,"167":0,"168":0,"169":0,"170":0,"171":0,"172":0,"173":0,"174":0,"175":0,"176":0,"177":0,"178":0,"179":0,"180":0,"181":0,"182":0,"183":0,"184":0,"185":0,"186":0,"187":0,"188":0,"189":0,"190":0,"191":0,"192":0,"193":0,"194":0,"195":0,"196":0,"197":0,"198":0,"199":0,"200":0,"201":0,"202":0,"203":0,"204":0,"205":0,"206":0,"207":0,"208":0,"209":0,"210":0,"211":0,"212":0,"213":0,"214":0,"215":0,"216":0,"217":0,"218":0,"219":0,"220":0,"221":0,"222":0,"223":0,"224":0,"225":0,"226":0,"227":0,"228":0,"229":0,"230":0,"231":0},"f":{"0":0,"1":0,"2":0,"3":0,"4":0,"5":0,"6":0,"7":0,"8":0,"9":0,"10":0,"11":0,"12":0,"13":0,"14":0,"15":0,"16":0,"17":0,"18":0,"19":0},"b":{"0":[0,0],"1":[0,0],"2":[0,0],"3":[0,0],"4":[0,0],"5":[0,0],"6":[0,0],"7":[0,0],"8":[0,0],"9":[0,0],"10":[0,0],"11":[0,0],"12":[0,0],"13":[0,0],"14":[0,0],"15":[0,0],"16":[0,0],"17":[0,0],"18":[0,0],"19":[0,0],"20":[0,0],"21":[0,0],"22":[0,0],"23":[0,0],"24":[0,0],"25":[0,0],"26":[0,0],"27":[0,0],"28":[0,0,0],"29":[0,0],"30":[0,0,0],"31":[0,0],"32":[0,0],"33":[0,0],"34":[0,0],"35":[0,0],"36":[0,0],"37":[0,0],"38":[0,0],"39":[0,0],"40":[0,0],"41":[0,0],"42":[0,0],"43":[0,0],"44":[0,0],"45":[0,0],"46":[0,0],"47":[0,0],"48":[0,0],"49":[0,0],"50":[0,0],"51":[0,0],"52":[0,0],"53":[0,0],"54":[0,0],"55":[0,0],"56":[0,0],"57":[0,0],"58":[0,0],"59":[0,0],"60":[0,0,0],"61":[0,0],"62":[0,0,0],"63":[0,0],"64":[0,0,0],"65":[0,0],"66":[0,0],"67":[0,0],"68":[0,0],"69":[0,0],"70":[0,0]}}
,"/home/ali/code/potato-wallet/src/components/Home.vue": {"path":"/home/ali/code/potato-wallet/src/components/Home.vue","statementMap":{"0":{"start":{"line":35,"column":0},"end":{"line":null,"column":-1}},"1":{"start":{"line":36,"column":0},"end":{"line":null,"column":-1}},"2":{"start":{"line":37,"column":0},"end":{"line":null,"column":-1}},"3":{"start":{"line":38,"column":0},"end":{"line":null,"column":-1}},"4":{"start":{"line":39,"column":0},"end":{"line":null,"column":-1}},"5":{"start":{"line":40,"column":0},"end":{"line":null,"column":-1}},"6":{"start":{"line":52,"column":0},"end":{"line":null,"column":-1}},"7":{"start":{"line":88,"column":0},"end":{"line":null,"column":-1}},"8":{"start":{"line":92,"column":0},"end":{"line":null,"column":-1}},"9":{"start":{"line":93,"column":0},"end":{"line":null,"column":-1}},"10":{"start":{"line":97,"column":0},"end":{"line":null,"column":-1}},"11":{"start":{"line":99,"column":0},"end":{"line":null,"column":-1}},"12":{"start":{"line":100,"column":0},"end":{"line":null,"column":-1}},"13":{"start":{"line":105,"column":0},"end":{"line":null,"column":-1}},"14":{"start":{"line":106,"column":0},"end":{"line":115,"column":0}},"15":{"start":{"line":107,"column":0},"end":{"line":null,"column":-1}},"16":{"start":{"line":108,"column":0},"end":{"line":null,"column":-1}},"17":{"start":{"line":110,"column":0},"end":{"line":114,"column":0}},"18":{"start":{"line":112,"column":0},"end":{"line":null,"column":-1}},"19":{"start":{"line":113,"column":0},"end":{"line":null,"column":-1}},"20":{"start":{"line":118,"column":0},"end":{"line":null,"column":-1}},"21":{"start":{"line":119,"column":0},"end":{"line":null,"column":-1}},"22":{"start":{"line":121,"column":0},"end":{"line":null,"column":-1}},"23":{"start":{"line":123,"column":0},"end":{"line":null,"column":-1}},"24":{"start":{"line":125,"column":0},"end":{"line":null,"column":-1}},"25":{"start":{"line":126,"column":0},"end":{"line":136,"column":0}},"26":{"start":{"line":127,"column":0},"end":{"line":135,"column":0}},"27":{"start":{"line":129,"column":0},"end":{"line":null,"column":-1}},"28":{"start":{"line":130,"column":0},"end":{"line":135,"column":0}},"29":{"start":{"line":132,"column":0},"end":{"line":null,"column":-1}},"30":{"start":{"line":134,"column":0},"end":{"line":null,"column":-1}},"31":{"start":{"line":138,"column":0},"end":{"line":null,"column":-1}},"32":{"start":{"line":139,"column":0},"end":{"line":144,"column":0}},"33":{"start":{"line":141,"column":0},"end":{"line":null,"column":-1}},"34":{"start":{"line":143,"column":0},"end":{"line":null,"column":-1}},"35":{"start":{"line":145,"column":0},"end":{"line":null,"column":-1}},"36":{"start":{"line":149,"column":0},"end":{"line":152,"column":0}},"37":{"start":{"line":149,"column":0},"end":{"line":null,"column":-1}},"38":{"start":{"line":150,"column":0},"end":{"line":null,"column":-1}},"39":{"start":{"line":150,"column":0},"end":{"line":152,"column":0}},"40":{"start":{"line":151,"column":0},"end":{"line":null,"column":-1}},"41":{"start":{"line":151,"column":0},"end":{"line":152,"column":0}},"42":{"start":{"line":152,"column":0},"end":{"line":null,"column":-1}},"43":{"start":{"line":153,"column":0},"end":{"line":null,"column":-1}},"44":{"start":{"line":156,"column":0},"end":{"line":160,"column":0}},"45":{"start":{"line":157,"column":0},"end":{"line":null,"column":-1}},"46":{"start":{"line":159,"column":0},"end":{"line":null,"column":-1}}},"fnMap":{"0":{"name":"data","decl":{"start":{"line":51,"column":0},"end":{"line":null,"column":-1}},"loc":{"start":{"line":51,"column":0},"end":{"line":85,"column":0}}},"1":{"name":"currency","decl":{"start":{"line":87,"column":0},"end":{"line":null,"column":-1}},"loc":{"start":{"line":87,"column":0},"end":{"line":89,"column":0}}},"2":{"name":"mounted","decl":{"start":{"line":91,"column":0},"end":{"line":null,"column":-1}},"loc":{"start":{"line":91,"column":0},"end":{"line":94,"column":0}}},"3":{"name":"changeCurrency","decl":{"start":{"line":96,"column":0},"end":{"line":null,"column":-1}},"loc":{"start":{"line":96,"column":0},"end":{"line":98,"column":0}}},"4":{"name":"socketSub","decl":{"start":{"line":99,"column":0},"end":{"line":null,"column":-1}},"loc":{"start":{"line":99,"column":0},"end":{"line":116,"column":0}}},"5":{"name":"(anonymous_7)","decl":{"start":{"line":106,"column":0},"end":{"line":null,"column":-1}},"loc":{"start":{"line":106,"column":0},"end":{"line":115,"column":0}}},"6":{"name":"dataUnpack","decl":{"start":{"line":117,"column":0},"end":{"line":null,"column":-1}},"loc":{"start":{"line":117,"column":0},"end":{"line":146,"column":0}}},"7":{"name":"inCurrency","decl":{"start":{"line":147,"column":0},"end":{"line":null,"column":-1}},"loc":{"start":{"line":147,"column":0},"end":{"line":154,"column":0}}},"8":{"name":"handleConnectivityChange","decl":{"start":{"line":155,"column":0},"end":{"line":null,"column":-1}},"loc":{"start":{"line":155,"column":0},"end":{"line":161,"column":0}}}},"branchMap":{"0":{"loc":{"start":{"line":110,"column":0},"end":{"line":114,"column":0}},"type":"if","locations":[{"start":{"line":110,"column":0},"end":{"line":114,"column":0}},{"start":{"line":110,"column":0},"end":{"line":114,"column":0}}]},"1":{"loc":{"start":{"line":127,"column":0},"end":{"line":135,"column":0}},"type":"if","locations":[{"start":{"line":127,"column":0},"end":{"line":135,"column":0}},{"start":{"line":127,"column":0},"end":{"line":135,"column":0}}]},"2":{"loc":{"start":{"line":127,"column":0},"end":{"line":null,"column":-1}},"type":"binary-expr","locations":[{"start":{"line":127,"column":0},"end":{"line":null,"column":-1}},{"start":{"line":127,"column":0},"end":{"line":null,"column":-1}},{"start":{"line":127,"column":0},"end":{"line":null,"column":-1}},{"start":{"line":127,"column":0},"end":{"line":null,"column":-1}},{"start":{"line":127,"column":0},"end":{"line":null,"column":-1}},{"start":{"line":127,"column":0},"end":{"line":null,"column":-1}},{"start":{"line":127,"column":0},"end":{"line":null,"column":-1}},{"start":{"line":127,"column":0},"end":{"line":null,"column":-1}},{"start":{"line":127,"column":0},"end":{"line":null,"column":-1}}]},"3":{"loc":{"start":{"line":130,"column":0},"end":{"line":135,"column":0}},"type":"if","locations":[{"start":{"line":130,"column":0},"end":{"line":135,"column":0}},{"start":{"line":130,"column":0},"end":{"line":135,"column":0}}]},"4":{"loc":{"start":{"line":130,"column":0},"end":{"line":null,"column":-1}},"type":"binary-expr","locations":[{"start":{"line":130,"column":0},"end":{"line":null,"column":-1}},{"start":{"line":130,"column":0},"end":{"line":null,"column":-1}}]},"5":{"loc":{"start":{"line":138,"column":0},"end":{"line":null,"column":-1}},"type":"cond-expr","locations":[{"start":{"line":138,"column":0},"end":{"line":null,"column":-1}},{"start":{"line":138,"column":0},"end":{"line":null,"column":-1}}]},"6":{"loc":{"start":{"line":139,"column":0},"end":{"line":144,"column":0}},"type":"if","locations":[{"start":{"line":139,"column":0},"end":{"line":144,"column":0}},{"start":{"line":139,"column":0},"end":{"line":144,"column":0}}]},"7":{"loc":{"start":{"line":149,"column":0},"end":{"line":152,"column":0}},"type":"if","locations":[{"start":{"line":149,"column":0},"end":{"line":152,"column":0}},{"start":{"line":149,"column":0},"end":{"line":152,"column":0}}]},"8":{"loc":{"start":{"line":150,"column":0},"end":{"line":152,"column":0}},"type":"if","locations":[{"start":{"line":150,"column":0},"end":{"line":152,"column":0}},{"start":{"line":150,"column":0},"end":{"line":152,"column":0}}]},"9":{"loc":{"start":{"line":151,"column":0},"end":{"line":152,"column":0}},"type":"if","locations":[{"start":{"line":151,"column":0},"end":{"line":152,"column":0}},{"start":{"line":151,"column":0},"end":{"line":152,"column":0}}]},"10":{"loc":{"start":{"line":156,"column":0},"end":{"line":160,"column":0}},"type":"if","locations":[{"start":{"line":156,"column":0},"end":{"line":160,"column":0}},{"start":{"line":156,"column":0},"end":{"line":160,"column":0}}]}},"s":{"0":0,"1":0,"2":0,"3":0,"4":0,"5":0,"6":0,"7":0,"8":0,"9":0,"10":0,"11":0,"12":0,"13":0,"14":0,"15":0,"16":0,"17":0,"18":0,"19":0,"20":0,"21":0,"22":0,"23":0,"24":0,"25":0,"26":0,"27":0,"28":0,"29":0,"30":0,"31":0,"32":0,"33":0,"34":0,"35":0,"36":0,"37":0,"38":0,"39":0,"40":0,"41":0,"42":0,"43":0,"44":0,"45":0,"46":0},"f":{"0":0,"1":0,"2":0,"3":0,"4":0,"5":0,"6":0,"7":0,"8":0},"b":{"0":[0,0],"1":[0,0],"2":[0,0,0,0,0,0,0,0,0],"3":[0,0],"4":[0,0],"5":[0,0],"6":[0,0],"7":[0,0],"8":[0,0],"9":[0,0],"10":[0,0]}}
,"/home/ali/code/potato-wallet/src/components/Sub/Chart.vue": {"path":"/home/ali/code/potato-wallet/src/components/Sub/Chart.vue","statementMap":{"0":{"start":{"line":13,"column":0},"end":{"line":null,"column":-1}},"1":{"start":{"line":28,"column":0},"end":{"line":null,"column":-1}},"2":{"start":{"line":49,"column":0},"end":{"line":null,"column":-1}},"3":{"start":{"line":51,"column":0},"end":{"line":null,"column":-1}},"4":{"start":{"line":52,"column":0},"end":{"line":54,"column":0}},"5":{"start":{"line":53,"column":0},"end":{"line":null,"column":-1}},"6":{"start":{"line":58,"column":0},"end":{"line":null,"column":-1}},"7":{"start":{"line":61,"column":0},"end":{"line":null,"column":-1}},"8":{"start":{"line":66,"column":0},"end":{"line":null,"column":-1}},"9":{"start":{"line":68,"column":0},"end":{"line":null,"column":-1}},"10":{"start":{"line":74,"column":0},"end":{"line":null,"column":-1}},"11":{"start":{"line":75,"column":0},"end":{"line":null,"column":-1}},"12":{"start":{"line":76,"column":0},"end":{"line":78,"column":0}},"13":{"start":{"line":77,"column":0},"end":{"line":null,"column":-1}},"14":{"start":{"line":79,"column":0},"end":{"line":84,"column":0}},"15":{"start":{"line":80,"column":0},"end":{"line":null,"column":-1}},"16":{"start":{"line":81,"column":0},"end":{"line":83,"column":0}},"17":{"start":{"line":82,"column":0},"end":{"line":null,"column":-1}},"18":{"start":{"line":85,"column":0},"end":{"line":281,"column":0}},"19":{"start":{"line":86,"column":0},"end":{"line":null,"column":-1}},"20":{"start":{"line":111,"column":0},"end":{"line":null,"column":-1}},"21":{"start":{"line":130,"column":0},"end":{"line":281,"column":0}},"22":{"start":{"line":131,"column":0},"end":{"line":null,"column":-1}},"23":{"start":{"line":153,"column":0},"end":{"line":null,"column":-1}},"24":{"start":{"line":171,"column":0},"end":{"line":281,"column":0}},"25":{"start":{"line":172,"column":0},"end":{"line":null,"column":-1}},"26":{"start":{"line":193,"column":0},"end":{"line":null,"column":-1}},"27":{"start":{"line":211,"column":0},"end":{"line":281,"column":0}},"28":{"start":{"line":212,"column":0},"end":{"line":null,"column":-1}},"29":{"start":{"line":233,"column":0},"end":{"line":null,"column":-1}},"30":{"start":{"line":246,"column":0},"end":{"line":281,"column":0}},"31":{"start":{"line":247,"column":0},"end":{"line":null,"column":-1}},"32":{"start":{"line":268,"column":0},"end":{"line":null,"column":-1}},"33":{"start":{"line":282,"column":0},"end":{"line":null,"column":-1}}},"fnMap":{"0":{"name":"data","decl":{"start":{"line":12,"column":0},"end":{"line":null,"column":-1}},"loc":{"start":{"line":12,"column":0},"end":{"line":48,"column":0}}},"1":{"name":"callback","decl":{"start":{"line":26,"column":0},"end":{"line":null,"column":-1}},"loc":{"start":{"line":26,"column":0},"end":{"line":29,"column":0}}},"2":{"name":"mounted","decl":{"start":{"line":49,"column":0},"end":{"line":null,"column":-1}},"loc":{"start":{"line":49,"column":0},"end":{"line":55,"column":0}}},"3":{"name":"(anonymous_4)","decl":{"start":{"line":52,"column":0},"end":{"line":null,"column":-1}},"loc":{"start":{"line":52,"column":0},"end":{"line":54,"column":0}}},"4":{"name":"chartData","decl":{"start":{"line":57,"column":0},"end":{"line":null,"column":-1}},"loc":{"start":{"line":57,"column":0},"end":{"line":59,"column":0}}},"5":{"name":"to","decl":{"start":{"line":60,"column":0},"end":{"line":null,"column":-1}},"loc":{"start":{"line":60,"column":0},"end":{"line":62,"column":0}}},"6":{"name":"createChart","decl":{"start":{"line":65,"column":0},"end":{"line":null,"column":-1}},"loc":{"start":{"line":65,"column":0},"end":{"line":73,"column":0}}},"7":{"name":"updateChart","decl":{"start":{"line":74,"column":0},"end":{"line":null,"column":-1}},"loc":{"start":{"line":74,"column":0},"end":{"line":283,"column":0}}},"8":{"name":"(anonymous_9)","decl":{"start":{"line":76,"column":0},"end":{"line":null,"column":-1}},"loc":{"start":{"line":76,"column":0},"end":{"line":78,"column":0}}},"9":{"name":"(anonymous_10)","decl":{"start":{"line":81,"column":0},"end":{"line":null,"column":-1}},"loc":{"start":{"line":81,"column":0},"end":{"line":83,"column":0}}},"10":{"name":"callback","decl":{"start":{"line":109,"column":0},"end":{"line":null,"column":-1}},"loc":{"start":{"line":109,"column":0},"end":{"line":112,"column":0}}},"11":{"name":"callback","decl":{"start":{"line":151,"column":0},"end":{"line":null,"column":-1}},"loc":{"start":{"line":151,"column":0},"end":{"line":154,"column":0}}},"12":{"name":"callback","decl":{"start":{"line":191,"column":0},"end":{"line":null,"column":-1}},"loc":{"start":{"line":191,"column":0},"end":{"line":194,"column":0}}},"13":{"name":"callback","decl":{"start":{"line":231,"column":0},"end":{"line":null,"column":-1}},"loc":{"start":{"line":231,"column":0},"end":{"line":234,"column":0}}},"14":{"name":"callback","decl":{"start":{"line":266,"column":0},"end":{"line":null,"column":-1}},"loc":{"start":{"line":266,"column":0},"end":{"line":269,"column":0}}}},"branchMap":{"0":{"loc":{"start":{"line":85,"column":0},"end":{"line":281,"column":0}},"type":"if","locations":[{"start":{"line":85,"column":0},"end":{"line":281,"column":0}},{"start":{"line":85,"column":0},"end":{"line":281,"column":0}}]},"1":{"loc":{"start":{"line":130,"column":0},"end":{"line":281,"column":0}},"type":"if","locations":[{"start":{"line":130,"column":0},"end":{"line":281,"column":0}},{"start":{"line":130,"column":0},"end":{"line":281,"column":0}}]},"2":{"loc":{"start":{"line":171,"column":0},"end":{"line":281,"column":0}},"type":"if","locations":[{"start":{"line":171,"column":0},"end":{"line":281,"column":0}},{"start":{"line":171,"column":0},"end":{"line":281,"column":0}}]},"3":{"loc":{"start":{"line":211,"column":0},"end":{"line":281,"column":0}},"type":"if","locations":[{"start":{"line":211,"column":0},"end":{"line":281,"column":0}},{"start":{"line":211,"column":0},"end":{"line":281,"column":0}}]},"4":{"loc":{"start":{"line":246,"column":0},"end":{"line":281,"column":0}},"type":"if","locations":[{"start":{"line":246,"column":0},"end":{"line":281,"column":0}},{"start":{"line":246,"column":0},"end":{"line":281,"column":0}}]}},"s":{"0":0,"1":0,"2":0,"3":0,"4":0,"5":0,"6":0,"7":0,"8":0,"9":0,"10":0,"11":0,"12":0,"13":0,"14":0,"15":0,"16":0,"17":0,"18":0,"19":0,"20":0,"21":0,"22":0,"23":0,"24":0,"25":0,"26":0,"27":0,"28":0,"29":0,"30":0,"31":0,"32":0,"33":0},"f":{"0":0,"1":0,"2":0,"3":0,"4":0,"5":0,"6":0,"7":0,"8":0,"9":0,"10":0,"11":0,"12":0,"13":0,"14":0},"b":{"0":[0,0],"1":[0,0],"2":[0,0],"3":[0,0],"4":[0,0]}}
,"/home/ali/code/potato-wallet/src/components/Sub/Coin.vue": {"path":"/home/ali/code/potato-wallet/src/components/Sub/Coin.vue","statementMap":{"0":{"start":{"line":87,"column":0},"end":{"line":null,"column":-1}},"1":{"start":{"line":95,"column":0},"end":{"line":null,"column":-1}},"2":{"start":{"line":104,"column":0},"end":{"line":null,"column":-1}},"3":{"start":{"line":108,"column":0},"end":{"line":null,"column":-1}},"4":{"start":{"line":111,"column":0},"end":{"line":null,"column":-1}},"5":{"start":{"line":116,"column":0},"end":{"line":122,"column":0}},"6":{"start":{"line":117,"column":0},"end":{"line":null,"column":-1}},"7":{"start":{"line":118,"column":0},"end":{"line":122,"column":0}},"8":{"start":{"line":119,"column":0},"end":{"line":null,"column":-1}},"9":{"start":{"line":120,"column":0},"end":{"line":122,"column":0}},"10":{"start":{"line":121,"column":0},"end":{"line":null,"column":-1}},"11":{"start":{"line":124,"column":0},"end":{"line":null,"column":-1}},"12":{"start":{"line":125,"column":0},"end":{"line":170,"column":0}},"13":{"start":{"line":126,"column":0},"end":{"line":null,"column":-1}},"14":{"start":{"line":127,"column":0},"end":{"line":null,"column":-1}},"15":{"start":{"line":128,"column":0},"end":{"line":134,"column":0}},"16":{"start":{"line":129,"column":0},"end":{"line":null,"column":-1}},"17":{"start":{"line":130,"column":0},"end":{"line":134,"column":0}},"18":{"start":{"line":131,"column":0},"end":{"line":null,"column":-1}},"19":{"start":{"line":132,"column":0},"end":{"line":134,"column":0}},"20":{"start":{"line":133,"column":0},"end":{"line":null,"column":-1}},"21":{"start":{"line":136,"column":0},"end":{"line":null,"column":-1}},"22":{"start":{"line":137,"column":0},"end":{"line":147,"column":0}},"23":{"start":{"line":138,"column":0},"end":{"line":null,"column":-1}},"24":{"start":{"line":139,"column":0},"end":{"line":147,"column":0}},"25":{"start":{"line":140,"column":0},"end":{"line":null,"column":-1}},"26":{"start":{"line":141,"column":0},"end":{"line":147,"column":0}},"27":{"start":{"line":142,"column":0},"end":{"line":null,"column":-1}},"28":{"start":{"line":143,"column":0},"end":{"line":147,"column":0}},"29":{"start":{"line":144,"column":0},"end":{"line":null,"column":-1}},"30":{"start":{"line":145,"column":0},"end":{"line":147,"column":0}},"31":{"start":{"line":146,"column":0},"end":{"line":null,"column":-1}},"32":{"start":{"line":148,"column":0},"end":{"line":169,"column":0}},"33":{"start":{"line":149,"column":0},"end":{"line":null,"column":-1}},"34":{"start":{"line":150,"column":0},"end":{"line":158,"column":0}},"35":{"start":{"line":151,"column":0},"end":{"line":null,"column":-1}},"36":{"start":{"line":152,"column":0},"end":{"line":158,"column":0}},"37":{"start":{"line":153,"column":0},"end":{"line":null,"column":-1}},"38":{"start":{"line":154,"column":0},"end":{"line":158,"column":0}},"39":{"start":{"line":155,"column":0},"end":{"line":null,"column":-1}},"40":{"start":{"line":157,"column":0},"end":{"line":null,"column":-1}},"41":{"start":{"line":159,"column":0},"end":{"line":null,"column":-1}},"42":{"start":{"line":160,"column":0},"end":{"line":166,"column":0}},"43":{"start":{"line":161,"column":0},"end":{"line":null,"column":-1}},"44":{"start":{"line":162,"column":0},"end":{"line":166,"column":0}},"45":{"start":{"line":163,"column":0},"end":{"line":null,"column":-1}},"46":{"start":{"line":164,"column":0},"end":{"line":166,"column":0}},"47":{"start":{"line":165,"column":0},"end":{"line":null,"column":-1}},"48":{"start":{"line":168,"column":0},"end":{"line":null,"column":-1}},"49":{"start":{"line":173,"column":0},"end":{"line":null,"column":-1}},"50":{"start":{"line":174,"column":0},"end":{"line":184,"column":0}},"51":{"start":{"line":175,"column":0},"end":{"line":null,"column":-1}},"52":{"start":{"line":176,"column":0},"end":{"line":184,"column":0}},"53":{"start":{"line":177,"column":0},"end":{"line":null,"column":-1}},"54":{"start":{"line":178,"column":0},"end":{"line":184,"column":0}},"55":{"start":{"line":179,"column":0},"end":{"line":null,"column":-1}},"56":{"start":{"line":180,"column":0},"end":{"line":184,"column":0}},"57":{"start":{"line":181,"column":0},"end":{"line":null,"column":-1}},"58":{"start":{"line":182,"column":0},"end":{"line":184,"column":0}},"59":{"start":{"line":183,"column":0},"end":{"line":null,"column":-1}}},"fnMap":{"0":{"name":"data","decl":{"start":{"line":94,"column":0},"end":{"line":null,"column":-1}},"loc":{"start":{"line":94,"column":0},"end":{"line":102,"column":0}}},"1":{"name":"mounted","decl":{"start":{"line":103,"column":0},"end":{"line":null,"column":-1}},"loc":{"start":{"line":103,"column":0},"end":{"line":105,"column":0}}},"2":{"name":"currency","decl":{"start":{"line":107,"column":0},"end":{"line":null,"column":-1}},"loc":{"start":{"line":107,"column":0},"end":{"line":109,"column":0}}},"3":{"name":"hisBy","decl":{"start":{"line":110,"column":0},"end":{"line":null,"column":-1}},"loc":{"start":{"line":110,"column":0},"end":{"line":112,"column":0}}},"4":{"name":"coinData","decl":{"start":{"line":115,"column":0},"end":{"line":null,"column":-1}},"loc":{"start":{"line":115,"column":0},"end":{"line":123,"column":0}}},"5":{"name":"getHisData","decl":{"start":{"line":124,"column":0},"end":{"line":null,"column":-1}},"loc":{"start":{"line":124,"column":0},"end":{"line":171,"column":0}}},"6":{"name":"(anonymous_8)","decl":{"start":{"line":148,"column":0},"end":{"line":null,"column":-1}},"loc":{"start":{"line":148,"column":0},"end":{"line":167,"column":0}}},"7":{"name":"(anonymous_9)","decl":{"start":{"line":167,"column":0},"end":{"line":null,"column":-1}},"loc":{"start":{"line":167,"column":0},"end":{"line":169,"column":0}}},"8":{"name":"hisByChanger","decl":{"start":{"line":172,"column":0},"end":{"line":null,"column":-1}},"loc":{"start":{"line":172,"column":0},"end":{"line":185,"column":0}}}},"branchMap":{"0":{"loc":{"start":{"line":116,"column":0},"end":{"line":122,"column":0}},"type":"if","locations":[{"start":{"line":116,"column":0},"end":{"line":122,"column":0}},{"start":{"line":116,"column":0},"end":{"line":122,"column":0}}]},"1":{"loc":{"start":{"line":118,"column":0},"end":{"line":122,"column":0}},"type":"if","locations":[{"start":{"line":118,"column":0},"end":{"line":122,"column":0}},{"start":{"line":118,"column":0},"end":{"line":122,"column":0}}]},"2":{"loc":{"start":{"line":120,"column":0},"end":{"line":122,"column":0}},"type":"if","locations":[{"start":{"line":120,"column":0},"end":{"line":122,"column":0}},{"start":{"line":120,"column":0},"end":{"line":122,"column":0}}]},"3":{"loc":{"start":{"line":125,"column":0},"end":{"line":170,"column":0}},"type":"if","locations":[{"start":{"line":125,"column":0},"end":{"line":170,"column":0}},{"start":{"line":125,"column":0},"end":{"line":170,"column":0}}]},"4":{"loc":{"start":{"line":128,"column":0},"end":{"line":134,"column":0}},"type":"if","locations":[{"start":{"line":128,"column":0},"end":{"line":134,"column":0}},{"start":{"line":128,"column":0},"end":{"line":134,"column":0}}]},"5":{"loc":{"start":{"line":130,"column":0},"end":{"line":134,"column":0}},"type":"if","locations":[{"start":{"line":130,"column":0},"end":{"line":134,"column":0}},{"start":{"line":130,"column":0},"end":{"line":134,"column":0}}]},"6":{"loc":{"start":{"line":132,"column":0},"end":{"line":134,"column":0}},"type":"if","locations":[{"start":{"line":132,"column":0},"end":{"line":134,"column":0}},{"start":{"line":132,"column":0},"end":{"line":134,"column":0}}]},"7":{"loc":{"start":{"line":137,"column":0},"end":{"line":147,"column":0}},"type":"if","locations":[{"start":{"line":137,"column":0},"end":{"line":147,"column":0}},{"start":{"line":137,"column":0},"end":{"line":147,"column":0}}]},"8":{"loc":{"start":{"line":139,"column":0},"end":{"line":147,"column":0}},"type":"if","locations":[{"start":{"line":139,"column":0},"end":{"line":147,"column":0}},{"start":{"line":139,"column":0},"end":{"line":147,"column":0}}]},"9":{"loc":{"start":{"line":141,"column":0},"end":{"line":147,"column":0}},"type":"if","locations":[{"start":{"line":141,"column":0},"end":{"line":147,"column":0}},{"start":{"line":141,"column":0},"end":{"line":147,"column":0}}]},"10":{"loc":{"start":{"line":143,"column":0},"end":{"line":147,"column":0}},"type":"if","locations":[{"start":{"line":143,"column":0},"end":{"line":147,"column":0}},{"start":{"line":143,"column":0},"end":{"line":147,"column":0}}]},"11":{"loc":{"start":{"line":145,"column":0},"end":{"line":147,"column":0}},"type":"if","locations":[{"start":{"line":145,"column":0},"end":{"line":147,"column":0}},{"start":{"line":145,"column":0},"end":{"line":147,"column":0}}]},"12":{"loc":{"start":{"line":150,"column":0},"end":{"line":158,"column":0}},"type":"if","locations":[{"start":{"line":150,"column":0},"end":{"line":158,"column":0}},{"start":{"line":150,"column":0},"end":{"line":158,"column":0}}]},"13":{"loc":{"start":{"line":150,"column":0},"end":{"line":null,"column":-1}},"type":"binary-expr","locations":[{"start":{"line":150,"column":0},"end":{"line":null,"column":-1}},{"start":{"line":150,"column":0},"end":{"line":null,"column":-1}}]},"14":{"loc":{"start":{"line":152,"column":0},"end":{"line":158,"column":0}},"type":"if","locations":[{"start":{"line":152,"column":0},"end":{"line":158,"column":0}},{"start":{"line":152,"column":0},"end":{"line":158,"column":0}}]},"15":{"loc":{"start":{"line":154,"column":0},"end":{"line":158,"column":0}},"type":"if","locations":[{"start":{"line":154,"column":0},"end":{"line":158,"column":0}},{"start":{"line":154,"column":0},"end":{"line":158,"column":0}}]},"16":{"loc":{"start":{"line":160,"column":0},"end":{"line":166,"column":0}},"type":"if","locations":[{"start":{"line":160,"column":0},"end":{"line":166,"column":0}},{"start":{"line":160,"column":0},"end":{"line":166,"column":0}}]},"17":{"loc":{"start":{"line":162,"column":0},"end":{"line":166,"column":0}},"type":"if","locations":[{"start":{"line":162,"column":0},"end":{"line":166,"column":0}},{"start":{"line":162,"column":0},"end":{"line":166,"column":0}}]},"18":{"loc":{"start":{"line":164,"column":0},"end":{"line":166,"column":0}},"type":"if","locations":[{"start":{"line":164,"column":0},"end":{"line":166,"column":0}},{"start":{"line":164,"column":0},"end":{"line":166,"column":0}}]},"19":{"loc":{"start":{"line":174,"column":0},"end":{"line":184,"column":0}},"type":"if","locations":[{"start":{"line":174,"column":0},"end":{"line":184,"column":0}},{"start":{"line":174,"column":0},"end":{"line":184,"column":0}}]},"20":{"loc":{"start":{"line":176,"column":0},"end":{"line":184,"column":0}},"type":"if","locations":[{"start":{"line":176,"column":0},"end":{"line":184,"column":0}},{"start":{"line":176,"column":0},"end":{"line":184,"column":0}}]},"21":{"loc":{"start":{"line":178,"column":0},"end":{"line":184,"column":0}},"type":"if","locations":[{"start":{"line":178,"column":0},"end":{"line":184,"column":0}},{"start":{"line":178,"column":0},"end":{"line":184,"column":0}}]},"22":{"loc":{"start":{"line":180,"column":0},"end":{"line":184,"column":0}},"type":"if","locations":[{"start":{"line":180,"column":0},"end":{"line":184,"column":0}},{"start":{"line":180,"column":0},"end":{"line":184,"column":0}}]},"23":{"loc":{"start":{"line":182,"column":0},"end":{"line":184,"column":0}},"type":"if","locations":[{"start":{"line":182,"column":0},"end":{"line":184,"column":0}},{"start":{"line":182,"column":0},"end":{"line":184,"column":0}}]}},"s":{"0":0,"1":0,"2":0,"3":0,"4":0,"5":0,"6":0,"7":0,"8":0,"9":0,"10":0,"11":0,"12":0,"13":0,"14":0,"15":0,"16":0,"17":0,"18":0,"19":0,"20":0,"21":0,"22":0,"23":0,"24":0,"25":0,"26":0,"27":0,"28":0,"29":0,"30":0,"31":0,"32":0,"33":0,"34":0,"35":0,"36":0,"37":0,"38":0,"39":0,"40":0,"41":0,"42":0,"43":0,"44":0,"45":0,"46":0,"47":0,"48":0,"49":0,"50":0,"51":0,"52":0,"53":0,"54":0,"55":0,"56":0,"57":0,"58":0,"59":0},"f":{"0":0,"1":0,"2":0,"3":0,"4":0,"5":0,"6":0,"7":0,"8":0},"b":{"0":[0,0],"1":[0,0],"2":[0,0],"3":[0,0],"4":[0,0],"5":[0,0],"6":[0,0],"7":[0,0],"8":[0,0],"9":[0,0],"10":[0,0],"11":[0,0],"12":[0,0],"13":[0,0],"14":[0,0],"15":[0,0],"16":[0,0],"17":[0,0],"18":[0,0],"19":[0,0],"20":[0,0],"21":[0,0],"22":[0,0],"23":[0,0]}}
,"/home/ali/code/potato-wallet/src/components/Sub/Navbar.vue": {"path":"/home/ali/code/potato-wallet/src/components/Sub/Navbar.vue","statementMap":{"0":{"start":{"line":58,"column":0},"end":{"line":null,"column":-1}},"1":{"start":{"line":65,"column":0},"end":{"line":null,"column":-1}},"2":{"start":{"line":68,"column":0},"end":{"line":null,"column":-1}},"3":{"start":{"line":69,"column":0},"end":{"line":80,"column":0}},"4":{"start":{"line":70,"column":0},"end":{"line":null,"column":-1}},"5":{"start":{"line":71,"column":0},"end":{"line":null,"column":-1}},"6":{"start":{"line":73,"column":0},"end":{"line":79,"column":0}},"7":{"start":{"line":74,"column":0},"end":{"line":null,"column":-1}},"8":{"start":{"line":75,"column":0},"end":{"line":null,"column":-1}},"9":{"start":{"line":76,"column":0},"end":{"line":null,"column":-1}},"10":{"start":{"line":78,"column":0},"end":{"line":null,"column":-1}},"11":{"start":{"line":83,"column":0},"end":{"line":87,"column":0}},"12":{"start":{"line":84,"column":0},"end":{"line":null,"column":-1}},"13":{"start":{"line":86,"column":0},"end":{"line":null,"column":-1}}},"fnMap":{"0":{"name":"data","decl":{"start":{"line":57,"column":0},"end":{"line":null,"column":-1}},"loc":{"start":{"line":57,"column":0},"end":{"line":63,"column":0}}},"1":{"name":"mounted","decl":{"start":{"line":64,"column":0},"end":{"line":null,"column":-1}},"loc":{"start":{"line":64,"column":0},"end":{"line":66,"column":0}}},"2":{"name":"getInfoData","decl":{"start":{"line":68,"column":0},"end":{"line":null,"column":-1}},"loc":{"start":{"line":68,"column":0},"end":{"line":81,"column":0}}},"3":{"name":"(anonymous_5)","decl":{"start":{"line":73,"column":0},"end":{"line":null,"column":-1}},"loc":{"start":{"line":73,"column":0},"end":{"line":77,"column":0}}},"4":{"name":"(anonymous_6)","decl":{"start":{"line":77,"column":0},"end":{"line":null,"column":-1}},"loc":{"start":{"line":77,"column":0},"end":{"line":79,"column":0}}},"5":{"name":"openReqInfo","decl":{"start":{"line":82,"column":0},"end":{"line":null,"column":-1}},"loc":{"start":{"line":82,"column":0},"end":{"line":88,"column":0}}}},"branchMap":{"0":{"loc":{"start":{"line":69,"column":0},"end":{"line":80,"column":0}},"type":"if","locations":[{"start":{"line":69,"column":0},"end":{"line":80,"column":0}},{"start":{"line":69,"column":0},"end":{"line":80,"column":0}}]},"1":{"loc":{"start":{"line":83,"column":0},"end":{"line":87,"column":0}},"type":"if","locations":[{"start":{"line":83,"column":0},"end":{"line":87,"column":0}},{"start":{"line":83,"column":0},"end":{"line":87,"column":0}}]}},"s":{"0":0,"1":0,"2":0,"3":0,"4":0,"5":0,"6":0,"7":0,"8":0,"9":0,"10":0,"11":0,"12":0,"13":0},"f":{"0":0,"1":0,"2":0,"3":0,"4":0,"5":0},"b":{"0":[0,0],"1":[0,0]}}
,"/home/ali/code/potato-wallet/src/components/Sub/News.vue": {"path":"/home/ali/code/potato-wallet/src/components/Sub/News.vue","statementMap":{"0":{"start":{"line":48,"column":0},"end":{"line":null,"column":-1}},"1":{"start":{"line":57,"column":0},"end":{"line":null,"column":-1}},"2":{"start":{"line":58,"column":0},"end":{"line":null,"column":-1}},"3":{"start":{"line":62,"column":0},"end":{"line":null,"column":-1}},"4":{"start":{"line":66,"column":0},"end":{"line":null,"column":-1}},"5":{"start":{"line":67,"column":0},"end":{"line":null,"column":-1}},"6":{"start":{"line":68,"column":0},"end":{"line":75,"column":0}},"7":{"start":{"line":69,"column":0},"end":{"line":74,"column":0}},"8":{"start":{"line":70,"column":0},"end":{"line":73,"column":0}},"9":{"start":{"line":71,"column":0},"end":{"line":null,"column":-1}},"10":{"start":{"line":72,"column":0},"end":{"line":null,"column":-1}},"11":{"start":{"line":77,"column":0},"end":{"line":null,"column":-1}},"12":{"start":{"line":78,"column":0},"end":{"line":95,"column":0}},"13":{"start":{"line":79,"column":0},"end":{"line":null,"column":-1}},"14":{"start":{"line":80,"column":0},"end":{"line":84,"column":0}},"15":{"start":{"line":81,"column":0},"end":{"line":83,"column":0}},"16":{"start":{"line":82,"column":0},"end":{"line":null,"column":-1}},"17":{"start":{"line":85,"column":0},"end":{"line":null,"column":-1}},"18":{"start":{"line":86,"column":0},"end":{"line":null,"column":-1}},"19":{"start":{"line":88,"column":0},"end":{"line":94,"column":0}},"20":{"start":{"line":89,"column":0},"end":{"line":null,"column":-1}},"21":{"start":{"line":90,"column":0},"end":{"line":null,"column":-1}},"22":{"start":{"line":91,"column":0},"end":{"line":null,"column":-1}},"23":{"start":{"line":93,"column":0},"end":{"line":null,"column":-1}}},"fnMap":{"0":{"name":"data","decl":{"start":{"line":47,"column":0},"end":{"line":null,"column":-1}},"loc":{"start":{"line":47,"column":0},"end":{"line":55,"column":0}}},"1":{"name":"mounted","decl":{"start":{"line":56,"column":0},"end":{"line":null,"column":-1}},"loc":{"start":{"line":56,"column":0},"end":{"line":59,"column":0}}},"2":{"name":"selected","decl":{"start":{"line":61,"column":0},"end":{"line":null,"column":-1}},"loc":{"start":{"line":61,"column":0},"end":{"line":63,"column":0}}},"3":{"name":"filterN","decl":{"start":{"line":66,"column":0},"end":{"line":null,"column":-1}},"loc":{"start":{"line":66,"column":0},"end":{"line":76,"column":0}}},"4":{"name":"(anonymous_6)","decl":{"start":{"line":68,"column":0},"end":{"line":null,"column":-1}},"loc":{"start":{"line":68,"column":0},"end":{"line":75,"column":0}}},"5":{"name":"(anonymous_7)","decl":{"start":{"line":69,"column":0},"end":{"line":null,"column":-1}},"loc":{"start":{"line":69,"column":0},"end":{"line":74,"column":0}}},"6":{"name":"getNewsData","decl":{"start":{"line":77,"column":0},"end":{"line":null,"column":-1}},"loc":{"start":{"line":77,"column":0},"end":{"line":96,"column":0}}},"7":{"name":"(anonymous_9)","decl":{"start":{"line":80,"column":0},"end":{"line":null,"column":-1}},"loc":{"start":{"line":80,"column":0},"end":{"line":84,"column":0}}},"8":{"name":"(anonymous_10)","decl":{"start":{"line":88,"column":0},"end":{"line":null,"column":-1}},"loc":{"start":{"line":88,"column":0},"end":{"line":92,"column":0}}},"9":{"name":"(anonymous_11)","decl":{"start":{"line":92,"column":0},"end":{"line":null,"column":-1}},"loc":{"start":{"line":92,"column":0},"end":{"line":94,"column":0}}}},"branchMap":{"0":{"loc":{"start":{"line":70,"column":0},"end":{"line":73,"column":0}},"type":"if","locations":[{"start":{"line":70,"column":0},"end":{"line":73,"column":0}},{"start":{"line":70,"column":0},"end":{"line":73,"column":0}}]},"1":{"loc":{"start":{"line":78,"column":0},"end":{"line":95,"column":0}},"type":"if","locations":[{"start":{"line":78,"column":0},"end":{"line":95,"column":0}},{"start":{"line":78,"column":0},"end":{"line":95,"column":0}}]},"2":{"loc":{"start":{"line":81,"column":0},"end":{"line":83,"column":0}},"type":"if","locations":[{"start":{"line":81,"column":0},"end":{"line":83,"column":0}},{"start":{"line":81,"column":0},"end":{"line":83,"column":0}}]}},"s":{"0":0,"1":0,"2":0,"3":0,"4":0,"5":0,"6":0,"7":0,"8":0,"9":0,"10":0,"11":0,"12":0,"13":0,"14":0,"15":0,"16":0,"17":0,"18":0,"19":0,"20":0,"21":0,"22":0,"23":0},"f":{"0":0,"1":0,"2":0,"3":0,"4":0,"5":0,"6":0,"7":0,"8":0,"9":0},"b":{"0":[0,0],"1":[0,0],"2":[0,0]}}
,"/home/ali/code/potato-wallet/src/components/Sub/TopExchanges.vue": {"path":"/home/ali/code/potato-wallet/src/components/Sub/TopExchanges.vue","statementMap":{"0":{"start":{"line":29,"column":0},"end":{"line":null,"column":-1}},"1":{"start":{"line":35,"column":0},"end":{"line":null,"column":-1}},"2":{"start":{"line":36,"column":0},"end":{"line":null,"column":-1}},"3":{"start":{"line":40,"column":0},"end":{"line":null,"column":-1}},"4":{"start":{"line":44,"column":0},"end":{"line":null,"column":-1}},"5":{"start":{"line":45,"column":0},"end":{"line":56,"column":0}},"6":{"start":{"line":46,"column":0},"end":{"line":null,"column":-1}},"7":{"start":{"line":47,"column":0},"end":{"line":null,"column":-1}},"8":{"start":{"line":49,"column":0},"end":{"line":55,"column":0}},"9":{"start":{"line":50,"column":0},"end":{"line":null,"column":-1}},"10":{"start":{"line":51,"column":0},"end":{"line":null,"column":-1}},"11":{"start":{"line":52,"column":0},"end":{"line":null,"column":-1}},"12":{"start":{"line":54,"column":0},"end":{"line":null,"column":-1}},"13":{"start":{"line":60,"column":0},"end":{"line":null,"column":-1}}},"fnMap":{"0":{"name":"data","decl":{"start":{"line":28,"column":0},"end":{"line":null,"column":-1}},"loc":{"start":{"line":28,"column":0},"end":{"line":33,"column":0}}},"1":{"name":"mounted","decl":{"start":{"line":34,"column":0},"end":{"line":null,"column":-1}},"loc":{"start":{"line":34,"column":0},"end":{"line":37,"column":0}}},"2":{"name":"currency","decl":{"start":{"line":39,"column":0},"end":{"line":null,"column":-1}},"loc":{"start":{"line":39,"column":0},"end":{"line":41,"column":0}}},"3":{"name":"getTopData","decl":{"start":{"line":44,"column":0},"end":{"line":null,"column":-1}},"loc":{"start":{"line":44,"column":0},"end":{"line":57,"column":0}}},"4":{"name":"(anonymous_6)","decl":{"start":{"line":49,"column":0},"end":{"line":null,"column":-1}},"loc":{"start":{"line":49,"column":0},"end":{"line":53,"column":0}}},"5":{"name":"(anonymous_7)","decl":{"start":{"line":53,"column":0},"end":{"line":null,"column":-1}},"loc":{"start":{"line":53,"column":0},"end":{"line":55,"column":0}}},"6":{"name":"converData","decl":{"start":{"line":58,"column":0},"end":{"line":null,"column":-1}},"loc":{"start":{"line":58,"column":0},"end":{"line":61,"column":0}}}},"branchMap":{"0":{"loc":{"start":{"line":45,"column":0},"end":{"line":56,"column":0}},"type":"if","locations":[{"start":{"line":45,"column":0},"end":{"line":56,"column":0}},{"start":{"line":45,"column":0},"end":{"line":56,"column":0}}]}},"s":{"0":0,"1":0,"2":0,"3":0,"4":0,"5":0,"6":0,"7":0,"8":0,"9":0,"10":0,"11":0,"12":0,"13":0},"f":{"0":0,"1":0,"2":0,"3":0,"4":0,"5":0,"6":0},"b":{"0":[0,0]}}
,"/home/ali/code/potato-wallet/src/components/Sub/Welcome.vue": {"path":"/home/ali/code/potato-wallet/src/components/Sub/Welcome.vue","statementMap":{"0":{"start":{"line":40,"column":0},"end":{"line":null,"column":-1}},"1":{"start":{"line":46,"column":0},"end":{"line":null,"column":-1}},"2":{"start":{"line":47,"column":0},"end":{"line":null,"column":-1}}},"fnMap":{"0":{"name":"data","decl":{"start":{"line":39,"column":0},"end":{"line":null,"column":-1}},"loc":{"start":{"line":39,"column":0},"end":{"line":43,"column":0}}},"1":{"name":"currencyChanger","decl":{"start":{"line":45,"column":0},"end":{"line":null,"column":-1}},"loc":{"start":{"line":45,"column":0},"end":{"line":48,"column":0}}}},"branchMap":{},"s":{"0":0,"1":0,"2":0},"f":{"0":0,"1":0},"b":{}}
}
