TN:
SF:/home/ali/code/potato-wallet/src/assets/ccc-streamer-utilities.js
FN:46,(anonymous_0)
FN:55,isMobile
FN:60,convertToMB
FN:63,getNameForExchange
FN:69,noExponents
FN:86,reduceFloatVal
FN:103,reduceReal
FN:107,convertCurrentKeyToAll
FN:113,convertCurrentKeyToTrade
FN:118,convertValueToDisplay
FN:224,(anonymous_10)
FN:234,(anonymous_11)
FN:254,(anonymous_12)
FN:333,(anonymous_13)
FN:346,(anonymous_14)
FN:371,(anonymous_15)
FN:374,(anonymous_16)
FN:379,(anonymous_17)
FN:397,(anonymous_18)
FN:405,(anonymous_19)
FNF:20
FNH:0
FNDA:0,(anonymous_0)
FNDA:0,isMobile
FNDA:0,convertToMB
FNDA:0,getNameForExchange
FNDA:0,noExponents
FNDA:0,reduceFloatVal
FNDA:0,reduceReal
FNDA:0,convertCurrentKeyToAll
FNDA:0,convertCurrentKeyToTrade
FNDA:0,convertValueToDisplay
FNDA:0,(anonymous_10)
FNDA:0,(anonymous_11)
FNDA:0,(anonymous_12)
FNDA:0,(anonymous_13)
FNDA:0,(anonymous_14)
FNDA:0,(anonymous_15)
FNDA:0,(anonymous_16)
FNDA:0,(anonymous_17)
FNDA:0,(anonymous_18)
FNDA:0,(anonymous_19)
DA:2,0
DA:3,0
DA:4,0
DA:6,0
DA:27,0
DA:29,0
DA:46,0
DA:47,0
DA:50,0
DA:56,0
DA:57,0
DA:58,0
DA:61,0
DA:64,0
DA:65,0
DA:67,0
DA:70,0
DA:71,0
DA:73,0
DA:74,0
DA:75,0
DA:77,0
DA:78,0
DA:79,0
DA:80,0
DA:82,0
DA:83,0
DA:84,0
DA:87,0
DA:88,0
DA:89,0
DA:90,0
DA:92,0
DA:93,0
DA:95,0
DA:96,0
DA:98,0
DA:99,0
DA:101,0
DA:104,0
DA:105,0
DA:108,0
DA:109,0
DA:110,0
DA:111,0
DA:114,0
DA:115,0
DA:116,0
DA:119,0
DA:120,0
DA:121,0
DA:122,0
DA:123,0
DA:124,0
DA:125,0
DA:126,0
DA:127,0
DA:128,0
DA:129,0
DA:131,0
DA:132,0
DA:133,0
DA:134,0
DA:135,0
DA:136,0
DA:137,0
DA:138,0
DA:140,0
DA:141,0
DA:142,0
DA:144,0
DA:145,0
DA:147,0
DA:148,0
DA:150,0
DA:151,0
DA:154,0
DA:155,0
DA:156,0
DA:157,0
DA:159,0
DA:160,0
DA:161,0
DA:163,0
DA:164,0
DA:165,0
DA:167,0
DA:168,0
DA:170,0
DA:171,0
DA:173,0
DA:175,0
DA:176,0
DA:179,0
DA:184,0
DA:189,0
DA:195,0
DA:209,0
DA:210,0
DA:224,0
DA:225,0
DA:226,0
DA:227,0
DA:228,0
DA:229,0
DA:231,0
DA:234,0
DA:235,0
DA:236,0
DA:237,0
DA:238,0
DA:239,0
DA:240,0
DA:241,0
DA:242,0
DA:243,0
DA:244,0
DA:245,0
DA:246,0
DA:247,0
DA:251,0
DA:254,0
DA:255,0
DA:258,0
DA:263,0
DA:278,0
DA:305,0
DA:306,0
DA:333,0
DA:334,0
DA:335,0
DA:336,0
DA:337,0
DA:338,0
DA:339,0
DA:343,0
DA:346,0
DA:347,0
DA:348,0
DA:349,0
DA:350,0
DA:351,0
DA:352,0
DA:353,0
DA:354,0
DA:355,0
DA:356,0
DA:357,0
DA:360,0
DA:361,0
DA:363,0
DA:365,0
DA:369,0
DA:371,0
DA:372,0
DA:374,0
DA:375,0
DA:376,0
DA:379,0
DA:380,0
DA:381,0
DA:383,0
DA:384,0
DA:385,0
DA:387,0
DA:388,0
DA:389,0
DA:390,0
DA:392,0
DA:393,0
DA:394,0
DA:397,0
DA:398,0
DA:399,0
DA:400,0
DA:401,0
DA:402,0
DA:405,0
DA:406,0
DA:407,0
DA:408,0
DA:409,0
DA:410,0
DA:411,0
DA:412,0
DA:413,0
DA:414,0
DA:415,0
DA:416,0
DA:418,0
DA:419,0
DA:421,0
DA:422,0
DA:425,0
DA:426,0
DA:429,0
DA:430,0
DA:432,0
DA:433,0
DA:435,0
DA:436,0
DA:439,0
DA:440,0
DA:441,0
DA:442,0
DA:444,0
DA:445,0
DA:446,0
DA:448,0
DA:449,0
DA:450,0
DA:452,0
DA:453,0
DA:455,0
DA:457,0
DA:458,0
DA:461,0
LF:217
LH:0
BRDA:2,0,0,0
BRDA:2,0,1,0
BRDA:4,1,0,0
BRDA:4,1,1,0
BRDA:27,2,0,0
BRDA:27,2,1,0
BRDA:47,3,0,0
BRDA:47,3,1,0
BRDA:56,4,0,0
BRDA:56,4,1,0
BRDA:56,5,0,0
BRDA:56,5,1,0
BRDA:64,6,0,0
BRDA:64,6,1,0
BRDA:71,7,0,0
BRDA:71,7,1,0
BRDA:73,8,0,0
BRDA:73,8,1,0
BRDA:77,9,0,0
BRDA:77,9,1,0
BRDA:88,10,0,0
BRDA:88,10,1,0
BRDA:92,11,0,0
BRDA:92,11,1,0
BRDA:95,12,0,0
BRDA:95,12,1,0
BRDA:98,13,0,0
BRDA:98,13,1,0
BRDA:126,14,0,0
BRDA:126,14,1,0
BRDA:131,15,0,0
BRDA:131,15,1,0
BRDA:135,16,0,0
BRDA:135,16,1,0
BRDA:135,17,0,0
BRDA:135,17,1,0
BRDA:136,18,0,0
BRDA:136,18,1,0
BRDA:136,19,0,0
BRDA:136,19,1,0
BRDA:137,20,0,0
BRDA:137,20,1,0
BRDA:137,21,0,0
BRDA:137,21,1,0
BRDA:138,22,0,0
BRDA:138,22,1,0
BRDA:138,23,0,0
BRDA:138,23,1,0
BRDA:140,24,0,0
BRDA:140,24,1,0
BRDA:141,25,0,0
BRDA:141,25,1,0
BRDA:142,26,0,0
BRDA:142,26,1,0
BRDA:144,27,0,0
BRDA:144,27,1,0
BRDA:144,28,0,0
BRDA:144,28,1,0
BRDA:144,28,2,0
BRDA:147,29,0,0
BRDA:147,29,1,0
BRDA:147,30,0,0
BRDA:147,30,1,0
BRDA:147,30,2,0
BRDA:150,31,0,0
BRDA:150,31,1,0
BRDA:150,32,0,0
BRDA:150,32,1,0
BRDA:154,33,0,0
BRDA:154,33,1,0
BRDA:154,34,0,0
BRDA:154,34,1,0
BRDA:155,35,0,0
BRDA:155,35,1,0
BRDA:159,36,0,0
BRDA:159,36,1,0
BRDA:163,37,0,0
BRDA:163,37,1,0
BRDA:167,38,0,0
BRDA:167,38,1,0
BRDA:167,39,0,0
BRDA:167,39,1,0
BRDA:170,40,0,0
BRDA:170,40,1,0
BRDA:175,41,0,0
BRDA:175,41,1,0
BRDA:184,42,0,0
BRDA:184,42,1,0
BRDA:209,43,0,0
BRDA:209,43,1,0
BRDA:242,44,0,0
BRDA:242,44,1,0
BRDA:245,45,0,0
BRDA:245,45,1,0
BRDA:258,46,0,0
BRDA:258,46,1,0
BRDA:305,47,0,0
BRDA:305,47,1,0
BRDA:337,48,0,0
BRDA:337,48,1,0
BRDA:354,49,0,0
BRDA:354,49,1,0
BRDA:357,50,0,0
BRDA:357,50,1,0
BRDA:360,51,0,0
BRDA:360,51,1,0
BRDA:381,52,0,0
BRDA:381,52,1,0
BRDA:383,53,0,0
BRDA:383,53,1,0
BRDA:387,54,0,0
BRDA:387,54,1,0
BRDA:413,55,0,0
BRDA:413,55,1,0
BRDA:418,56,0,0
BRDA:418,56,1,0
BRDA:421,57,0,0
BRDA:421,57,1,0
BRDA:425,58,0,0
BRDA:425,58,1,0
BRDA:429,59,0,0
BRDA:429,59,1,0
BRDA:429,60,0,0
BRDA:429,60,1,0
BRDA:429,60,2,0
BRDA:432,61,0,0
BRDA:432,61,1,0
BRDA:432,62,0,0
BRDA:432,62,1,0
BRDA:432,62,2,0
BRDA:435,63,0,0
BRDA:435,63,1,0
BRDA:435,64,0,0
BRDA:435,64,1,0
BRDA:435,64,2,0
BRDA:439,65,0,0
BRDA:439,65,1,0
BRDA:440,66,0,0
BRDA:440,66,1,0
BRDA:444,67,0,0
BRDA:444,67,1,0
BRDA:448,68,0,0
BRDA:448,68,1,0
BRDA:452,69,0,0
BRDA:452,69,1,0
BRDA:457,70,0,0
BRDA:457,70,1,0
BRF:147
BRH:0
end_of_record
TN:
SF:/home/ali/code/potato-wallet/src/components/Home.vue
FN:51,data
FN:87,currency
FN:91,mounted
FN:96,changeCurrency
FN:99,socketSub
FN:106,(anonymous_7)
FN:117,dataUnpack
FN:147,inCurrency
FN:155,handleConnectivityChange
FNF:9
FNH:0
FNDA:0,data
FNDA:0,currency
FNDA:0,mounted
FNDA:0,changeCurrency
FNDA:0,socketSub
FNDA:0,(anonymous_7)
FNDA:0,dataUnpack
FNDA:0,inCurrency
FNDA:0,handleConnectivityChange
DA:35,0
DA:36,0
DA:37,0
DA:38,0
DA:39,0
DA:40,0
DA:52,0
DA:88,0
DA:92,0
DA:93,0
DA:97,0
DA:99,0
DA:100,0
DA:105,0
DA:106,0
DA:107,0
DA:108,0
DA:110,0
DA:112,0
DA:113,0
DA:118,0
DA:119,0
DA:121,0
DA:123,0
DA:125,0
DA:126,0
DA:127,0
DA:129,0
DA:130,0
DA:132,0
DA:134,0
DA:138,0
DA:139,0
DA:141,0
DA:143,0
DA:145,0
DA:149,0
DA:150,0
DA:151,0
DA:152,0
DA:153,0
DA:156,0
DA:157,0
DA:159,0
LF:44
LH:0
BRDA:110,0,0,0
BRDA:110,0,1,0
BRDA:127,1,0,0
BRDA:127,1,1,0
BRDA:127,2,0,0
BRDA:127,2,1,0
BRDA:127,2,2,0
BRDA:127,2,3,0
BRDA:127,2,4,0
BRDA:127,2,5,0
BRDA:127,2,6,0
BRDA:127,2,7,0
BRDA:127,2,8,0
BRDA:130,3,0,0
BRDA:130,3,1,0
BRDA:130,4,0,0
BRDA:130,4,1,0
BRDA:138,5,0,0
BRDA:138,5,1,0
BRDA:139,6,0,0
BRDA:139,6,1,0
BRDA:149,7,0,0
BRDA:149,7,1,0
BRDA:150,8,0,0
BRDA:150,8,1,0
BRDA:151,9,0,0
BRDA:151,9,1,0
BRDA:156,10,0,0
BRDA:156,10,1,0
BRF:29
BRH:0
end_of_record
TN:
SF:/home/ali/code/potato-wallet/src/components/Sub/Chart.vue
FN:12,data
FN:26,callback
FN:49,mounted
FN:52,(anonymous_4)
FN:57,chartData
FN:60,to
FN:65,createChart
FN:74,updateChart
FN:76,(anonymous_9)
FN:81,(anonymous_10)
FN:109,callback
FN:151,callback
FN:191,callback
FN:231,callback
FN:266,callback
FNF:15
FNH:0
FNDA:0,data
FNDA:0,callback
FNDA:0,mounted
FNDA:0,(anonymous_4)
FNDA:0,chartData
FNDA:0,to
FNDA:0,createChart
FNDA:0,updateChart
FNDA:0,(anonymous_9)
FNDA:0,(anonymous_10)
FNDA:0,callback
FNDA:0,callback
FNDA:0,callback
FNDA:0,callback
FNDA:0,callback
DA:13,0
DA:28,0
DA:49,0
DA:51,0
DA:52,0
DA:53,0
DA:58,0
DA:61,0
DA:66,0
DA:68,0
DA:74,0
DA:75,0
DA:76,0
DA:77,0
DA:79,0
DA:80,0
DA:81,0
DA:82,0
DA:85,0
DA:86,0
DA:111,0
DA:130,0
DA:131,0
DA:153,0
DA:171,0
DA:172,0
DA:193,0
DA:211,0
DA:212,0
DA:233,0
DA:246,0
DA:247,0
DA:268,0
DA:282,0
LF:34
LH:0
BRDA:85,0,0,0
BRDA:85,0,1,0
BRDA:130,1,0,0
BRDA:130,1,1,0
BRDA:171,2,0,0
BRDA:171,2,1,0
BRDA:211,3,0,0
BRDA:211,3,1,0
BRDA:246,4,0,0
BRDA:246,4,1,0
BRF:10
BRH:0
end_of_record
TN:
SF:/home/ali/code/potato-wallet/src/components/Sub/Coin.vue
FN:94,data
FN:103,mounted
FN:107,currency
FN:110,hisBy
FN:115,coinData
FN:124,getHisData
FN:148,(anonymous_8)
FN:167,(anonymous_9)
FN:172,hisByChanger
FNF:9
FNH:0
FNDA:0,data
FNDA:0,mounted
FNDA:0,currency
FNDA:0,hisBy
FNDA:0,coinData
FNDA:0,getHisData
FNDA:0,(anonymous_8)
FNDA:0,(anonymous_9)
FNDA:0,hisByChanger
DA:87,0
DA:95,0
DA:104,0
DA:108,0
DA:111,0
DA:116,0
DA:117,0
DA:118,0
DA:119,0
DA:120,0
DA:121,0
DA:124,0
DA:125,0
DA:126,0
DA:127,0
DA:128,0
DA:129,0
DA:130,0
DA:131,0
DA:132,0
DA:133,0
DA:136,0
DA:137,0
DA:138,0
DA:139,0
DA:140,0
DA:141,0
DA:142,0
DA:143,0
DA:144,0
DA:145,0
DA:146,0
DA:148,0
DA:149,0
DA:150,0
DA:151,0
DA:152,0
DA:153,0
DA:154,0
DA:155,0
DA:157,0
DA:159,0
DA:160,0
DA:161,0
DA:162,0
DA:163,0
DA:164,0
DA:165,0
DA:168,0
DA:173,0
DA:174,0
DA:175,0
DA:176,0
DA:177,0
DA:178,0
DA:179,0
DA:180,0
DA:181,0
DA:182,0
DA:183,0
LF:60
LH:0
BRDA:116,0,0,0
BRDA:116,0,1,0
BRDA:118,1,0,0
BRDA:118,1,1,0
BRDA:120,2,0,0
BRDA:120,2,1,0
BRDA:125,3,0,0
BRDA:125,3,1,0
BRDA:128,4,0,0
BRDA:128,4,1,0
BRDA:130,5,0,0
BRDA:130,5,1,0
BRDA:132,6,0,0
BRDA:132,6,1,0
BRDA:137,7,0,0
BRDA:137,7,1,0
BRDA:139,8,0,0
BRDA:139,8,1,0
BRDA:141,9,0,0
BRDA:141,9,1,0
BRDA:143,10,0,0
BRDA:143,10,1,0
BRDA:145,11,0,0
BRDA:145,11,1,0
BRDA:150,12,0,0
BRDA:150,12,1,0
BRDA:150,13,0,0
BRDA:150,13,1,0
BRDA:152,14,0,0
BRDA:152,14,1,0
BRDA:154,15,0,0
BRDA:154,15,1,0
BRDA:160,16,0,0
BRDA:160,16,1,0
BRDA:162,17,0,0
BRDA:162,17,1,0
BRDA:164,18,0,0
BRDA:164,18,1,0
BRDA:174,19,0,0
BRDA:174,19,1,0
BRDA:176,20,0,0
BRDA:176,20,1,0
BRDA:178,21,0,0
BRDA:178,21,1,0
BRDA:180,22,0,0
BRDA:180,22,1,0
BRDA:182,23,0,0
BRDA:182,23,1,0
BRF:48
BRH:0
end_of_record
TN:
SF:/home/ali/code/potato-wallet/src/components/Sub/Navbar.vue
FN:57,data
FN:64,mounted
FN:68,getInfoData
FN:73,(anonymous_5)
FN:77,(anonymous_6)
FN:82,openReqInfo
FNF:6
FNH:0
FNDA:0,data
FNDA:0,mounted
FNDA:0,getInfoData
FNDA:0,(anonymous_5)
FNDA:0,(anonymous_6)
FNDA:0,openReqInfo
DA:58,0
DA:65,0
DA:68,0
DA:69,0
DA:70,0
DA:71,0
DA:73,0
DA:74,0
DA:75,0
DA:76,0
DA:78,0
DA:83,0
DA:84,0
DA:86,0
LF:14
LH:0
BRDA:69,0,0,0
BRDA:69,0,1,0
BRDA:83,1,0,0
BRDA:83,1,1,0
BRF:4
BRH:0
end_of_record
TN:
SF:/home/ali/code/potato-wallet/src/components/Sub/News.vue
FN:47,data
FN:56,mounted
FN:61,selected
FN:66,filterN
FN:68,(anonymous_6)
FN:69,(anonymous_7)
FN:77,getNewsData
FN:80,(anonymous_9)
FN:88,(anonymous_10)
FN:92,(anonymous_11)
FNF:10
FNH:0
FNDA:0,data
FNDA:0,mounted
FNDA:0,selected
FNDA:0,filterN
FNDA:0,(anonymous_6)
FNDA:0,(anonymous_7)
FNDA:0,getNewsData
FNDA:0,(anonymous_9)
FNDA:0,(anonymous_10)
FNDA:0,(anonymous_11)
DA:48,0
DA:57,0
DA:58,0
DA:62,0
DA:66,0
DA:67,0
DA:68,0
DA:69,0
DA:70,0
DA:71,0
DA:72,0
DA:77,0
DA:78,0
DA:79,0
DA:80,0
DA:81,0
DA:82,0
DA:85,0
DA:86,0
DA:88,0
DA:89,0
DA:90,0
DA:91,0
DA:93,0
LF:24
LH:0
BRDA:70,0,0,0
BRDA:70,0,1,0
BRDA:78,1,0,0
BRDA:78,1,1,0
BRDA:81,2,0,0
BRDA:81,2,1,0
BRF:6
BRH:0
end_of_record
TN:
SF:/home/ali/code/potato-wallet/src/components/Sub/TopExchanges.vue
FN:28,data
FN:34,mounted
FN:39,currency
FN:44,getTopData
FN:49,(anonymous_6)
FN:53,(anonymous_7)
FN:58,converData
FNF:7
FNH:0
FNDA:0,data
FNDA:0,mounted
FNDA:0,currency
FNDA:0,getTopData
FNDA:0,(anonymous_6)
FNDA:0,(anonymous_7)
FNDA:0,converData
DA:29,0
DA:35,0
DA:36,0
DA:40,0
DA:44,0
DA:45,0
DA:46,0
DA:47,0
DA:49,0
DA:50,0
DA:51,0
DA:52,0
DA:54,0
DA:60,0
LF:14
LH:0
BRDA:45,0,0,0
BRDA:45,0,1,0
BRF:2
BRH:0
end_of_record
TN:
SF:/home/ali/code/potato-wallet/src/components/Sub/Welcome.vue
FN:39,data
FN:45,currencyChanger
FNF:2
FNH:0
FNDA:0,data
FNDA:0,currencyChanger
DA:40,0
DA:46,0
DA:47,0
LF:3
LH:0
BRF:0
BRH:0
end_of_record
